This is pdfTeX, Version 3.141592653-2.6-1.40.25 (TeX Live 2023) (preloaded format=pdflatex 2023.8.21)  8 NOV 2023 12:46
entering extended mode
 restricted \write18 enabled.
 %&-line parsing enabled.
**main.tex
(./main.tex
LaTeX2e <2022-11-01> patch level 1
L3 programming layer <2023-02-22>
(/usr/local/texlive/2023/texmf-dist/tex/latex/beamer/beamer.cls
Document Class: beamer 2023/02/20 v3.69 A class for typesetting presentations
(/usr/local/texlive/2023/texmf-dist/tex/latex/beamer/beamerbasemodes.sty
(/usr/local/texlive/2023/texmf-dist/tex/latex/etoolbox/etoolbox.sty
Package: etoolbox 2020/10/05 v2.5k e-TeX tools for LaTeX (JAW)
\etb@tempcnta=\count185
)
\beamer@tempbox=\box51
\beamer@tempcount=\count186
\c@beamerpauses=\count187

(/usr/local/texlive/2023/texmf-dist/tex/latex/beamer/beamerbasedecode.sty
\beamer@slideinframe=\count188
\beamer@minimum=\count189
\beamer@decode@box=\box52
)
\beamer@commentbox=\box53
\beamer@modecount=\count190
)
(/usr/local/texlive/2023/texmf-dist/tex/generic/iftex/iftex.sty
Package: iftex 2022/02/03 v1.0f TeX engine tests
)
\headdp=\dimen140
\footheight=\dimen141
\sidebarheight=\dimen142
\beamer@tempdim=\dimen143
\beamer@finalheight=\dimen144
\beamer@animht=\dimen145
\beamer@animdp=\dimen146
\beamer@animwd=\dimen147
\beamer@leftmargin=\dimen148
\beamer@rightmargin=\dimen149
\beamer@leftsidebar=\dimen150
\beamer@rightsidebar=\dimen151
\beamer@boxsize=\dimen152
\beamer@vboxoffset=\dimen153
\beamer@descdefault=\dimen154
\beamer@descriptionwidth=\dimen155
\beamer@lastskip=\skip48
\beamer@areabox=\box54
\beamer@animcurrent=\box55
\beamer@animshowbox=\box56
\beamer@sectionbox=\box57
\beamer@logobox=\box58
\beamer@linebox=\box59
\beamer@sectioncount=\count191
\beamer@subsubsectionmax=\count192
\beamer@subsectionmax=\count193
\beamer@sectionmax=\count194
\beamer@totalheads=\count195
\beamer@headcounter=\count196
\beamer@partstartpage=\count197
\beamer@sectionstartpage=\count198
\beamer@subsectionstartpage=\count199
\beamer@animationtempa=\count266
\beamer@animationtempb=\count267
\beamer@xpos=\count268
\beamer@ypos=\count269
\beamer@ypos@offset=\count270
\beamer@showpartnumber=\count271
\beamer@currentsubsection=\count272
\beamer@coveringdepth=\count273
\beamer@sectionadjust=\count274
\beamer@toclastsection=\count275
\beamer@tocsectionnumber=\count276

(/usr/local/texlive/2023/texmf-dist/tex/latex/beamer/beamerbaseoptions.sty
(/usr/local/texlive/2023/texmf-dist/tex/latex/graphics/keyval.sty
Package: keyval 2022/05/29 v1.15 key=value parser (DPC)
\KV@toks@=\toks16
))
\beamer@paperwidth=\skip49
\beamer@paperheight=\skip50

(/usr/local/texlive/2023/texmf-dist/tex/latex/geometry/geometry.sty
Package: geometry 2020/01/02 v5.9 Page Geometry

(/usr/local/texlive/2023/texmf-dist/tex/generic/iftex/ifvtex.sty
Package: ifvtex 2019/10/25 v1.7 ifvtex legacy package. Use iftex instead.
)
\Gm@cnth=\count277
\Gm@cntv=\count278
\c@Gm@tempcnt=\count279
\Gm@bindingoffset=\dimen156
\Gm@wd@mp=\dimen157
\Gm@odd@mp=\dimen158
\Gm@even@mp=\dimen159
\Gm@layoutwidth=\dimen160
\Gm@layoutheight=\dimen161
\Gm@layouthoffset=\dimen162
\Gm@layoutvoffset=\dimen163
\Gm@dimlist=\toks17
)
(/usr/local/texlive/2023/texmf-dist/tex/latex/pgf/math/pgfmath.sty
(/usr/local/texlive/2023/texmf-dist/tex/latex/pgf/utilities/pgfrcs.sty
(/usr/local/texlive/2023/texmf-dist/tex/generic/pgf/utilities/pgfutil-common.te
x
\pgfutil@everybye=\toks18
\pgfutil@tempdima=\dimen164
\pgfutil@tempdimb=\dimen165
)
(/usr/local/texlive/2023/texmf-dist/tex/generic/pgf/utilities/pgfutil-latex.def
\pgfutil@abb=\box60
) (/usr/local/texlive/2023/texmf-dist/tex/generic/pgf/utilities/pgfrcs.code.tex
(/usr/local/texlive/2023/texmf-dist/tex/generic/pgf/pgf.revision.tex)
Package: pgfrcs 2023-01-15 v3.1.10 (3.1.10)
))
(/usr/local/texlive/2023/texmf-dist/tex/latex/pgf/utilities/pgfkeys.sty
(/usr/local/texlive/2023/texmf-dist/tex/generic/pgf/utilities/pgfkeys.code.tex
\pgfkeys@pathtoks=\toks19
\pgfkeys@temptoks=\toks20

(/usr/local/texlive/2023/texmf-dist/tex/generic/pgf/utilities/pgfkeyslibraryfil
tered.code.tex
\pgfkeys@tmptoks=\toks21
)))
(/usr/local/texlive/2023/texmf-dist/tex/generic/pgf/math/pgfmath.code.tex
(/usr/local/texlive/2023/texmf-dist/tex/generic/pgf/math/pgfmathutil.code.tex
\pgf@x=\dimen166
\pgf@xa=\dimen167
\pgf@xb=\dimen168
\pgf@xc=\dimen169
\pgf@y=\dimen170
\pgf@ya=\dimen171
\pgf@yb=\dimen172
\pgf@yc=\dimen173
\c@pgf@counta=\count280
\c@pgf@countb=\count281
\c@pgf@countc=\count282
\c@pgf@countd=\count283
)
(/usr/local/texlive/2023/texmf-dist/tex/generic/pgf/math/pgfmathparser.code.tex
\pgfmath@dimen=\dimen174
\pgfmath@count=\count284
\pgfmath@box=\box61
\pgfmath@toks=\toks22
\pgfmath@stack@operand=\toks23
\pgfmath@stack@operation=\toks24
)
(/usr/local/texlive/2023/texmf-dist/tex/generic/pgf/math/pgfmathfunctions.code.
tex)
(/usr/local/texlive/2023/texmf-dist/tex/generic/pgf/math/pgfmathfunctions.basic
.code.tex)
(/usr/local/texlive/2023/texmf-dist/tex/generic/pgf/math/pgfmathfunctions.trigo
nometric.code.tex)
(/usr/local/texlive/2023/texmf-dist/tex/generic/pgf/math/pgfmathfunctions.rando
m.code.tex)
(/usr/local/texlive/2023/texmf-dist/tex/generic/pgf/math/pgfmathfunctions.compa
rison.code.tex)
(/usr/local/texlive/2023/texmf-dist/tex/generic/pgf/math/pgfmathfunctions.base.
code.tex)
(/usr/local/texlive/2023/texmf-dist/tex/generic/pgf/math/pgfmathfunctions.round
.code.tex)
(/usr/local/texlive/2023/texmf-dist/tex/generic/pgf/math/pgfmathfunctions.misc.
code.tex)
(/usr/local/texlive/2023/texmf-dist/tex/generic/pgf/math/pgfmathfunctions.integ
erarithmetics.code.tex)
(/usr/local/texlive/2023/texmf-dist/tex/generic/pgf/math/pgfmathcalc.code.tex)
(/usr/local/texlive/2023/texmf-dist/tex/generic/pgf/math/pgfmathfloat.code.tex
\c@pgfmathroundto@lastzeros=\count285
))) (/usr/local/texlive/2023/texmf-dist/tex/latex/base/size11.clo
File: size11.clo 2022/07/02 v1.4n Standard LaTeX file (size option)
)
(/usr/local/texlive/2023/texmf-dist/tex/latex/pgf/basiclayer/pgfcore.sty
(/usr/local/texlive/2023/texmf-dist/tex/latex/graphics/graphicx.sty
Package: graphicx 2021/09/16 v1.2d Enhanced LaTeX Graphics (DPC,SPQR)

(/usr/local/texlive/2023/texmf-dist/tex/latex/graphics/graphics.sty
Package: graphics 2022/03/10 v1.4e Standard LaTeX Graphics (DPC,SPQR)

(/usr/local/texlive/2023/texmf-dist/tex/latex/graphics/trig.sty
Package: trig 2021/08/11 v1.11 sin cos tan (DPC)
)
(/usr/local/texlive/2023/texmf-dist/tex/latex/graphics-cfg/graphics.cfg
File: graphics.cfg 2016/06/04 v1.11 sample graphics configuration
)
Package graphics Info: Driver file: pdftex.def on input line 107.

(/usr/local/texlive/2023/texmf-dist/tex/latex/graphics-def/pdftex.def
File: pdftex.def 2022/09/22 v1.2b Graphics/color driver for pdftex
))
\Gin@req@height=\dimen175
\Gin@req@width=\dimen176
)
(/usr/local/texlive/2023/texmf-dist/tex/latex/pgf/systemlayer/pgfsys.sty
(/usr/local/texlive/2023/texmf-dist/tex/generic/pgf/systemlayer/pgfsys.code.tex
Package: pgfsys 2023-01-15 v3.1.10 (3.1.10)
\pgf@x=\dimen177
\pgf@y=\dimen178
\pgf@xa=\dimen179
\pgf@ya=\dimen180
\pgf@xb=\dimen181
\pgf@yb=\dimen182
\pgf@xc=\dimen183
\pgf@yc=\dimen184
\pgf@xd=\dimen185
\pgf@yd=\dimen186
\w@pgf@writea=\write3
\r@pgf@reada=\read2
\c@pgf@counta=\count286
\c@pgf@countb=\count287
\c@pgf@countc=\count288
\c@pgf@countd=\count289
\t@pgf@toka=\toks25
\t@pgf@tokb=\toks26
\t@pgf@tokc=\toks27
\pgf@sys@id@count=\count290
(/usr/local/texlive/2023/texmf-dist/tex/generic/pgf/systemlayer/pgf.cfg
File: pgf.cfg 2023-01-15 v3.1.10 (3.1.10)
)
Driver file for pgf: pgfsys-pdftex.def

(/usr/local/texlive/2023/texmf-dist/tex/generic/pgf/systemlayer/pgfsys-pdftex.d
ef
File: pgfsys-pdftex.def 2023-01-15 v3.1.10 (3.1.10)

(/usr/local/texlive/2023/texmf-dist/tex/generic/pgf/systemlayer/pgfsys-common-p
df.def
File: pgfsys-common-pdf.def 2023-01-15 v3.1.10 (3.1.10)
)))
(/usr/local/texlive/2023/texmf-dist/tex/generic/pgf/systemlayer/pgfsyssoftpath.
code.tex
File: pgfsyssoftpath.code.tex 2023-01-15 v3.1.10 (3.1.10)
\pgfsyssoftpath@smallbuffer@items=\count291
\pgfsyssoftpath@bigbuffer@items=\count292
)
(/usr/local/texlive/2023/texmf-dist/tex/generic/pgf/systemlayer/pgfsysprotocol.
code.tex
File: pgfsysprotocol.code.tex 2023-01-15 v3.1.10 (3.1.10)
)) (/usr/local/texlive/2023/texmf-dist/tex/latex/xcolor/xcolor.sty
Package: xcolor 2022/06/12 v2.14 LaTeX color extensions (UK)

(/usr/local/texlive/2023/texmf-dist/tex/latex/graphics-cfg/color.cfg
File: color.cfg 2016/01/02 v1.6 sample color configuration
)
Package xcolor Info: Driver file: pdftex.def on input line 227.

(/usr/local/texlive/2023/texmf-dist/tex/latex/graphics/mathcolor.ltx)
Package xcolor Info: Model `cmy' substituted by `cmy0' on input line 1353.
Package xcolor Info: Model `hsb' substituted by `rgb' on input line 1357.
Package xcolor Info: Model `RGB' extended on input line 1369.
Package xcolor Info: Model `HTML' substituted by `rgb' on input line 1371.
Package xcolor Info: Model `Hsb' substituted by `hsb' on input line 1372.
Package xcolor Info: Model `tHsb' substituted by `hsb' on input line 1373.
Package xcolor Info: Model `HSB' substituted by `hsb' on input line 1374.
Package xcolor Info: Model `Gray' substituted by `gray' on input line 1375.
Package xcolor Info: Model `wave' substituted by `hsb' on input line 1376.
)
(/usr/local/texlive/2023/texmf-dist/tex/generic/pgf/basiclayer/pgfcore.code.tex
Package: pgfcore 2023-01-15 v3.1.10 (3.1.10)
(/usr/local/texlive/2023/texmf-dist/tex/generic/pgf/math/pgfint.code.tex)
(/usr/local/texlive/2023/texmf-dist/tex/generic/pgf/basiclayer/pgfcorepoints.co
de.tex
File: pgfcorepoints.code.tex 2023-01-15 v3.1.10 (3.1.10)
\pgf@picminx=\dimen187
\pgf@picmaxx=\dimen188
\pgf@picminy=\dimen189
\pgf@picmaxy=\dimen190
\pgf@pathminx=\dimen191
\pgf@pathmaxx=\dimen192
\pgf@pathminy=\dimen193
\pgf@pathmaxy=\dimen194
\pgf@xx=\dimen195
\pgf@xy=\dimen196
\pgf@yx=\dimen197
\pgf@yy=\dimen198
\pgf@zx=\dimen199
\pgf@zy=\dimen256
)
(/usr/local/texlive/2023/texmf-dist/tex/generic/pgf/basiclayer/pgfcorepathconst
ruct.code.tex
File: pgfcorepathconstruct.code.tex 2023-01-15 v3.1.10 (3.1.10)
\pgf@path@lastx=\dimen257
\pgf@path@lasty=\dimen258
)
(/usr/local/texlive/2023/texmf-dist/tex/generic/pgf/basiclayer/pgfcorepathusage
.code.tex
File: pgfcorepathusage.code.tex 2023-01-15 v3.1.10 (3.1.10)
\pgf@shorten@end@additional=\dimen259
\pgf@shorten@start@additional=\dimen260
)
(/usr/local/texlive/2023/texmf-dist/tex/generic/pgf/basiclayer/pgfcorescopes.co
de.tex
File: pgfcorescopes.code.tex 2023-01-15 v3.1.10 (3.1.10)
\pgfpic=\box62
\pgf@hbox=\box63
\pgf@layerbox@main=\box64
\pgf@picture@serial@count=\count293
)
(/usr/local/texlive/2023/texmf-dist/tex/generic/pgf/basiclayer/pgfcoregraphicst
ate.code.tex
File: pgfcoregraphicstate.code.tex 2023-01-15 v3.1.10 (3.1.10)
\pgflinewidth=\dimen261
)
(/usr/local/texlive/2023/texmf-dist/tex/generic/pgf/basiclayer/pgfcoretransform
ations.code.tex
File: pgfcoretransformations.code.tex 2023-01-15 v3.1.10 (3.1.10)
\pgf@pt@x=\dimen262
\pgf@pt@y=\dimen263
\pgf@pt@temp=\dimen264
)
(/usr/local/texlive/2023/texmf-dist/tex/generic/pgf/basiclayer/pgfcorequick.cod
e.tex
File: pgfcorequick.code.tex 2023-01-15 v3.1.10 (3.1.10)
)
(/usr/local/texlive/2023/texmf-dist/tex/generic/pgf/basiclayer/pgfcoreobjects.c
ode.tex
File: pgfcoreobjects.code.tex 2023-01-15 v3.1.10 (3.1.10)
)
(/usr/local/texlive/2023/texmf-dist/tex/generic/pgf/basiclayer/pgfcorepathproce
ssing.code.tex
File: pgfcorepathprocessing.code.tex 2023-01-15 v3.1.10 (3.1.10)
)
(/usr/local/texlive/2023/texmf-dist/tex/generic/pgf/basiclayer/pgfcorearrows.co
de.tex
File: pgfcorearrows.code.tex 2023-01-15 v3.1.10 (3.1.10)
\pgfarrowsep=\dimen265
)
(/usr/local/texlive/2023/texmf-dist/tex/generic/pgf/basiclayer/pgfcoreshade.cod
e.tex
File: pgfcoreshade.code.tex 2023-01-15 v3.1.10 (3.1.10)
\pgf@max=\dimen266
\pgf@sys@shading@range@num=\count294
\pgf@shadingcount=\count295
)
(/usr/local/texlive/2023/texmf-dist/tex/generic/pgf/basiclayer/pgfcoreimage.cod
e.tex
File: pgfcoreimage.code.tex 2023-01-15 v3.1.10 (3.1.10)
)
(/usr/local/texlive/2023/texmf-dist/tex/generic/pgf/basiclayer/pgfcoreexternal.
code.tex
File: pgfcoreexternal.code.tex 2023-01-15 v3.1.10 (3.1.10)
\pgfexternal@startupbox=\box65
)
(/usr/local/texlive/2023/texmf-dist/tex/generic/pgf/basiclayer/pgfcorelayers.co
de.tex
File: pgfcorelayers.code.tex 2023-01-15 v3.1.10 (3.1.10)
)
(/usr/local/texlive/2023/texmf-dist/tex/generic/pgf/basiclayer/pgfcoretranspare
ncy.code.tex
File: pgfcoretransparency.code.tex 2023-01-15 v3.1.10 (3.1.10)
)
(/usr/local/texlive/2023/texmf-dist/tex/generic/pgf/basiclayer/pgfcorepatterns.
code.tex
File: pgfcorepatterns.code.tex 2023-01-15 v3.1.10 (3.1.10)
)
(/usr/local/texlive/2023/texmf-dist/tex/generic/pgf/basiclayer/pgfcorerdf.code.
tex
File: pgfcorerdf.code.tex 2023-01-15 v3.1.10 (3.1.10)
))) (/usr/local/texlive/2023/texmf-dist/tex/latex/pgf/utilities/xxcolor.sty
Package: xxcolor 2003/10/24 ver 0.1
\XC@nummixins=\count296
\XC@countmixins=\count297
) (/usr/local/texlive/2023/texmf-dist/tex/latex/base/atbegshi-ltx.sty
Package: atbegshi-ltx 2021/01/10 v1.0c Emulation of the original atbegshi
package with kernel methods
)
(/usr/local/texlive/2023/texmf-dist/tex/latex/hyperref/hyperref.sty
Package: hyperref 2023-02-07 v7.00v Hypertext links for LaTeX

(/usr/local/texlive/2023/texmf-dist/tex/generic/ltxcmds/ltxcmds.sty
Package: ltxcmds 2020-05-10 v1.25 LaTeX kernel commands for general use (HO)
)
(/usr/local/texlive/2023/texmf-dist/tex/generic/pdftexcmds/pdftexcmds.sty
Package: pdftexcmds 2020-06-27 v0.33 Utility functions of pdfTeX for LuaTeX (HO
)

(/usr/local/texlive/2023/texmf-dist/tex/generic/infwarerr/infwarerr.sty
Package: infwarerr 2019/12/03 v1.5 Providing info/warning/error messages (HO)
)
Package pdftexcmds Info: \pdf@primitive is available.
Package pdftexcmds Info: \pdf@ifprimitive is available.
Package pdftexcmds Info: \pdfdraftmode found.
)
(/usr/local/texlive/2023/texmf-dist/tex/latex/kvsetkeys/kvsetkeys.sty
Package: kvsetkeys 2022-10-05 v1.19 Key value parser (HO)
)
(/usr/local/texlive/2023/texmf-dist/tex/generic/kvdefinekeys/kvdefinekeys.sty
Package: kvdefinekeys 2019-12-19 v1.6 Define keys (HO)
)
(/usr/local/texlive/2023/texmf-dist/tex/generic/pdfescape/pdfescape.sty
Package: pdfescape 2019/12/09 v1.15 Implements pdfTeX's escape features (HO)
)
(/usr/local/texlive/2023/texmf-dist/tex/latex/hycolor/hycolor.sty
Package: hycolor 2020-01-27 v1.10 Color options for hyperref/bookmark (HO)
)
(/usr/local/texlive/2023/texmf-dist/tex/latex/letltxmacro/letltxmacro.sty
Package: letltxmacro 2019/12/03 v1.6 Let assignment for LaTeX macros (HO)
)
(/usr/local/texlive/2023/texmf-dist/tex/latex/auxhook/auxhook.sty
Package: auxhook 2019-12-17 v1.6 Hooks for auxiliary files (HO)
)
(/usr/local/texlive/2023/texmf-dist/tex/latex/hyperref/nameref.sty
Package: nameref 2022-05-17 v2.50 Cross-referencing by name of section

(/usr/local/texlive/2023/texmf-dist/tex/latex/refcount/refcount.sty
Package: refcount 2019/12/15 v3.6 Data extraction from label references (HO)
)
(/usr/local/texlive/2023/texmf-dist/tex/generic/gettitlestring/gettitlestring.s
ty
Package: gettitlestring 2019/12/15 v1.6 Cleanup title references (HO)
 (/usr/local/texlive/2023/texmf-dist/tex/latex/kvoptions/kvoptions.sty
Package: kvoptions 2022-06-15 v3.15 Key value format for package options (HO)
))
\c@section@level=\count298
)
\@linkdim=\dimen267
\Hy@linkcounter=\count299
\Hy@pagecounter=\count300

(/usr/local/texlive/2023/texmf-dist/tex/latex/hyperref/pd1enc.def
File: pd1enc.def 2023-02-07 v7.00v Hyperref: PDFDocEncoding definition (HO)
Now handling font encoding PD1 ...
... no UTF-8 mapping file for font encoding PD1
)
(/usr/local/texlive/2023/texmf-dist/tex/generic/intcalc/intcalc.sty
Package: intcalc 2019/12/15 v1.3 Expandable calculations with integers (HO)
)
(/usr/local/texlive/2023/texmf-dist/tex/generic/etexcmds/etexcmds.sty
Package: etexcmds 2019/12/15 v1.7 Avoid name clashes with e-TeX commands (HO)
)
\Hy@SavedSpaceFactor=\count301

(/usr/local/texlive/2023/texmf-dist/tex/latex/hyperref/puenc.def
File: puenc.def 2023-02-07 v7.00v Hyperref: PDF Unicode definition (HO)
Now handling font encoding PU ...
... no UTF-8 mapping file for font encoding PU
)
Package hyperref Info: Option `bookmarks' set `true' on input line 4060.
Package hyperref Info: Option `bookmarksopen' set `true' on input line 4060.
Package hyperref Info: Option `implicit' set `false' on input line 4060.
Package hyperref Info: Hyper figures OFF on input line 4177.
Package hyperref Info: Link nesting OFF on input line 4182.
Package hyperref Info: Hyper index ON on input line 4185.
Package hyperref Info: Plain pages OFF on input line 4192.
Package hyperref Info: Backreferencing OFF on input line 4197.
Package hyperref Info: Implicit mode OFF; no redefinition of LaTeX internals.
Package hyperref Info: Bookmarks ON on input line 4425.
\c@Hy@tempcnt=\count302

(/usr/local/texlive/2023/texmf-dist/tex/latex/url/url.sty
\Urlmuskip=\muskip16
Package: url 2013/09/16  ver 3.4  Verb mode for urls, etc.
)
LaTeX Info: Redefining \url on input line 4763.
\XeTeXLinkMargin=\dimen268

(/usr/local/texlive/2023/texmf-dist/tex/generic/bitset/bitset.sty
Package: bitset 2019/12/09 v1.3 Handle bit-vector datatype (HO)

(/usr/local/texlive/2023/texmf-dist/tex/generic/bigintcalc/bigintcalc.sty
Package: bigintcalc 2019/12/15 v1.5 Expandable calculations on big integers (HO
)
))
\Fld@menulength=\count303
\Field@Width=\dimen269
\Fld@charsize=\dimen270
Package hyperref Info: Hyper figures OFF on input line 6042.
Package hyperref Info: Link nesting OFF on input line 6047.
Package hyperref Info: Hyper index ON on input line 6050.
Package hyperref Info: backreferencing OFF on input line 6057.
Package hyperref Info: Link coloring OFF on input line 6062.
Package hyperref Info: Link coloring with OCG OFF on input line 6067.
Package hyperref Info: PDF/A mode OFF on input line 6072.
\Hy@abspage=\count304


Package hyperref Message: Stopped early.

)
Package hyperref Info: Driver (autodetected): hpdftex.
 (/usr/local/texlive/2023/texmf-dist/tex/latex/hyperref/hpdftex.def
File: hpdftex.def 2023-02-07 v7.00v Hyperref driver for pdfTeX

(/usr/local/texlive/2023/texmf-dist/tex/latex/base/atveryend-ltx.sty
Package: atveryend-ltx 2020/08/19 v1.0a Emulation of the original atveryend pac
kage
with kernel methods
)
\Fld@listcount=\count305
\c@bookmark@seq@number=\count306

(/usr/local/texlive/2023/texmf-dist/tex/latex/rerunfilecheck/rerunfilecheck.sty
Package: rerunfilecheck 2022-07-10 v1.10 Rerun checks for auxiliary files (HO)

(/usr/local/texlive/2023/texmf-dist/tex/generic/uniquecounter/uniquecounter.sty
Package: uniquecounter 2019/12/15 v1.4 Provide unlimited unique counter (HO)
)
Package uniquecounter Info: New unique counter `rerunfilecheck' on input line 2
85.
)) (/usr/local/texlive/2023/texmf-dist/tex/latex/beamer/beamerbaserequires.sty
(/usr/local/texlive/2023/texmf-dist/tex/latex/beamer/beamerbasecompatibility.st
y) (/usr/local/texlive/2023/texmf-dist/tex/latex/beamer/beamerbasefont.sty
(/usr/local/texlive/2023/texmf-dist/tex/latex/amsfonts/amssymb.sty
Package: amssymb 2013/01/14 v3.01 AMS font symbols

(/usr/local/texlive/2023/texmf-dist/tex/latex/amsfonts/amsfonts.sty
Package: amsfonts 2013/01/14 v3.01 Basic AMSFonts support
\@emptytoks=\toks28
\symAMSa=\mathgroup4
\symAMSb=\mathgroup5
LaTeX Font Info:    Redeclaring math symbol \hbar on input line 98.
LaTeX Font Info:    Overwriting math alphabet `\mathfrak' in version `bold'
(Font)                  U/euf/m/n --> U/euf/b/n on input line 106.
))
(/usr/local/texlive/2023/texmf-dist/tex/latex/sansmathaccent/sansmathaccent.sty
Package: sansmathaccent 2020/01/31
(/usr/local/texlive/2023/texmf-dist/tex/latex/koma-script/scrlfile.sty
Package: scrlfile 2022/10/12 v3.38 KOMA-Script package (file load hooks)

(/usr/local/texlive/2023/texmf-dist/tex/latex/koma-script/scrlfile-hook.sty
Package: scrlfile-hook 2022/10/12 v3.38 KOMA-Script package (using LaTeX hooks)


(/usr/local/texlive/2023/texmf-dist/tex/latex/koma-script/scrlogo.sty
Package: scrlogo 2022/10/12 v3.38 KOMA-Script package (logo)
)))))
(/usr/local/texlive/2023/texmf-dist/tex/latex/beamer/beamerbasetranslator.sty
(/usr/local/texlive/2023/texmf-dist/tex/latex/translator/translator.sty
Package: translator 2021-05-31 v1.12d Easy translation of strings in LaTeX
))
(/usr/local/texlive/2023/texmf-dist/tex/latex/beamer/beamerbasemisc.sty)
(/usr/local/texlive/2023/texmf-dist/tex/latex/beamer/beamerbasetwoscreens.sty)
(/usr/local/texlive/2023/texmf-dist/tex/latex/beamer/beamerbaseoverlay.sty
\beamer@argscount=\count307
\beamer@lastskipcover=\skip51
\beamer@trivlistdepth=\count308
)
(/usr/local/texlive/2023/texmf-dist/tex/latex/beamer/beamerbasetitle.sty)
(/usr/local/texlive/2023/texmf-dist/tex/latex/beamer/beamerbasesection.sty
\c@lecture=\count309
\c@part=\count310
\c@section=\count311
\c@subsection=\count312
\c@subsubsection=\count313
)
(/usr/local/texlive/2023/texmf-dist/tex/latex/beamer/beamerbaseframe.sty
\beamer@framebox=\box66
\beamer@frametitlebox=\box67
\beamer@zoombox=\box68
\beamer@zoomcount=\count314
\beamer@zoomframecount=\count315
\beamer@frametextheight=\dimen271
\c@subsectionslide=\count316
\beamer@frametopskip=\skip52
\beamer@framebottomskip=\skip53
\beamer@frametopskipautobreak=\skip54
\beamer@framebottomskipautobreak=\skip55
\beamer@envbody=\toks29
\framewidth=\dimen272
\c@framenumber=\count317
)
(/usr/local/texlive/2023/texmf-dist/tex/latex/beamer/beamerbaseverbatim.sty
\beamer@verbatimfileout=\write4
)
(/usr/local/texlive/2023/texmf-dist/tex/latex/beamer/beamerbaseframesize.sty
\beamer@splitbox=\box69
\beamer@autobreakcount=\count318
\beamer@autobreaklastheight=\dimen273
\beamer@frametitletoks=\toks30
\beamer@framesubtitletoks=\toks31
)
(/usr/local/texlive/2023/texmf-dist/tex/latex/beamer/beamerbaseframecomponents.
sty
\beamer@footins=\box70
) (/usr/local/texlive/2023/texmf-dist/tex/latex/beamer/beamerbasecolor.sty)
(/usr/local/texlive/2023/texmf-dist/tex/latex/beamer/beamerbasenotes.sty
\beamer@frameboxcopy=\box71
)
(/usr/local/texlive/2023/texmf-dist/tex/latex/beamer/beamerbasetoc.sty)
(/usr/local/texlive/2023/texmf-dist/tex/latex/beamer/beamerbasetemplates.sty
\beamer@sbttoks=\toks32

(/usr/local/texlive/2023/texmf-dist/tex/latex/beamer/beamerbaseauxtemplates.sty
(/usr/local/texlive/2023/texmf-dist/tex/latex/beamer/beamerbaseboxes.sty
\bmb@box=\box72
\bmb@colorbox=\box73
\bmb@boxwidth=\dimen274
\bmb@boxheight=\dimen275
\bmb@prevheight=\dimen276
\bmb@temp=\dimen277
\bmb@dima=\dimen278
\bmb@dimb=\dimen279
\bmb@prevheight=\dimen280
)
\beamer@blockheadheight=\dimen281
))
(/usr/local/texlive/2023/texmf-dist/tex/latex/beamer/beamerbaselocalstructure.s
ty (/usr/local/texlive/2023/texmf-dist/tex/latex/tools/enumerate.sty
Package: enumerate 2015/07/23 v3.00 enumerate extensions (DPC)
\@enLab=\toks33
)
\beamer@bibiconwidth=\skip56
\c@figure=\count319
\c@table=\count320
\abovecaptionskip=\skip57
\belowcaptionskip=\skip58
)
(/usr/local/texlive/2023/texmf-dist/tex/latex/beamer/beamerbasenavigation.sty
(/usr/local/texlive/2023/texmf-dist/tex/latex/beamer/beamerbasenavigationsymbol
s.tex)
\beamer@section@min@dim=\dimen282
)
(/usr/local/texlive/2023/texmf-dist/tex/latex/beamer/beamerbasetheorems.sty
(/usr/local/texlive/2023/texmf-dist/tex/latex/amsmath/amsmath.sty
Package: amsmath 2022/04/08 v2.17n AMS math features
\@mathmargin=\skip59

For additional information on amsmath, use the `?' option.
(/usr/local/texlive/2023/texmf-dist/tex/latex/amsmath/amstext.sty
Package: amstext 2021/08/26 v2.01 AMS text

(/usr/local/texlive/2023/texmf-dist/tex/latex/amsmath/amsgen.sty
File: amsgen.sty 1999/11/30 v2.0 generic functions
\@emptytoks=\toks34
\ex@=\dimen283
))
(/usr/local/texlive/2023/texmf-dist/tex/latex/amsmath/amsbsy.sty
Package: amsbsy 1999/11/29 v1.2d Bold Symbols
\pmbraise@=\dimen284
)
(/usr/local/texlive/2023/texmf-dist/tex/latex/amsmath/amsopn.sty
Package: amsopn 2022/04/08 v2.04 operator names
)
\inf@bad=\count321
LaTeX Info: Redefining \frac on input line 234.
\uproot@=\count322
\leftroot@=\count323
LaTeX Info: Redefining \overline on input line 399.
LaTeX Info: Redefining \colon on input line 410.
\classnum@=\count324
\DOTSCASE@=\count325
LaTeX Info: Redefining \ldots on input line 496.
LaTeX Info: Redefining \dots on input line 499.
LaTeX Info: Redefining \cdots on input line 620.
\Mathstrutbox@=\box74
\strutbox@=\box75
LaTeX Info: Redefining \big on input line 722.
LaTeX Info: Redefining \Big on input line 723.
LaTeX Info: Redefining \bigg on input line 724.
LaTeX Info: Redefining \Bigg on input line 725.
\big@size=\dimen285
LaTeX Font Info:    Redeclaring font encoding OML on input line 743.
LaTeX Font Info:    Redeclaring font encoding OMS on input line 744.
\macc@depth=\count326
LaTeX Info: Redefining \bmod on input line 905.
LaTeX Info: Redefining \pmod on input line 910.
LaTeX Info: Redefining \smash on input line 940.
LaTeX Info: Redefining \relbar on input line 970.
LaTeX Info: Redefining \Relbar on input line 971.
\c@MaxMatrixCols=\count327
\dotsspace@=\muskip17
\c@parentequation=\count328
\dspbrk@lvl=\count329
\tag@help=\toks35
\row@=\count330
\column@=\count331
\maxfields@=\count332
\andhelp@=\toks36
\eqnshift@=\dimen286
\alignsep@=\dimen287
\tagshift@=\dimen288
\tagwidth@=\dimen289
\totwidth@=\dimen290
\lineht@=\dimen291
\@envbody=\toks37
\multlinegap=\skip60
\multlinetaggap=\skip61
\mathdisplay@stack=\toks38
LaTeX Info: Redefining \[ on input line 2953.
LaTeX Info: Redefining \] on input line 2954.
)
(/usr/local/texlive/2023/texmf-dist/tex/latex/amscls/amsthm.sty
Package: amsthm 2020/05/29 v2.20.6
\thm@style=\toks39
\thm@bodyfont=\toks40
\thm@headfont=\toks41
\thm@notefont=\toks42
\thm@headpunct=\toks43
\thm@preskip=\skip62
\thm@postskip=\skip63
\thm@headsep=\skip64
\dth@everypar=\toks44
)
\c@theorem=\count333
)
(/usr/local/texlive/2023/texmf-dist/tex/latex/beamer/beamerbasethemes.sty))
(/usr/local/texlive/2023/texmf-dist/tex/latex/beamer/beamerthemedefault.sty
(/usr/local/texlive/2023/texmf-dist/tex/latex/beamer/beamerfontthemedefault.sty
)
(/usr/local/texlive/2023/texmf-dist/tex/latex/beamer/beamercolorthemedefault.st
y)
(/usr/local/texlive/2023/texmf-dist/tex/latex/beamer/beamerinnerthemedefault.st
y
\beamer@dima=\dimen292
\beamer@dimb=\dimen293
)
(/usr/local/texlive/2023/texmf-dist/tex/latex/beamer/beamerouterthemedefault.st
y))) (/usr/local/texlive/2023/texmf-dist/tex/latex/pgf/frontendlayer/tikz.sty
(/usr/local/texlive/2023/texmf-dist/tex/latex/pgf/basiclayer/pgf.sty
Package: pgf 2023-01-15 v3.1.10 (3.1.10)

(/usr/local/texlive/2023/texmf-dist/tex/generic/pgf/modules/pgfmoduleshapes.cod
e.tex
File: pgfmoduleshapes.code.tex 2023-01-15 v3.1.10 (3.1.10)
\pgfnodeparttextbox=\box76
)
(/usr/local/texlive/2023/texmf-dist/tex/generic/pgf/modules/pgfmoduleplot.code.
tex
File: pgfmoduleplot.code.tex 2023-01-15 v3.1.10 (3.1.10)
)
(/usr/local/texlive/2023/texmf-dist/tex/latex/pgf/compatibility/pgfcomp-version
-0-65.sty
Package: pgfcomp-version-0-65 2023-01-15 v3.1.10 (3.1.10)
\pgf@nodesepstart=\dimen294
\pgf@nodesepend=\dimen295
)
(/usr/local/texlive/2023/texmf-dist/tex/latex/pgf/compatibility/pgfcomp-version
-1-18.sty
Package: pgfcomp-version-1-18 2023-01-15 v3.1.10 (3.1.10)
))
(/usr/local/texlive/2023/texmf-dist/tex/latex/pgf/utilities/pgffor.sty
(/usr/local/texlive/2023/texmf-dist/tex/generic/pgf/utilities/pgffor.code.tex
Package: pgffor 2023-01-15 v3.1.10 (3.1.10)
\pgffor@iter=\dimen296
\pgffor@skip=\dimen297
\pgffor@stack=\toks45
\pgffor@toks=\toks46
))
(/usr/local/texlive/2023/texmf-dist/tex/generic/pgf/frontendlayer/tikz/tikz.cod
e.tex
Package: tikz 2023-01-15 v3.1.10 (3.1.10)

(/usr/local/texlive/2023/texmf-dist/tex/generic/pgf/libraries/pgflibraryplothan
dlers.code.tex
File: pgflibraryplothandlers.code.tex 2023-01-15 v3.1.10 (3.1.10)
\pgf@plot@mark@count=\count334
\pgfplotmarksize=\dimen298
)
\tikz@lastx=\dimen299
\tikz@lasty=\dimen300
\tikz@lastxsaved=\dimen301
\tikz@lastysaved=\dimen302
\tikz@lastmovetox=\dimen303
\tikz@lastmovetoy=\dimen304
\tikzleveldistance=\dimen305
\tikzsiblingdistance=\dimen306
\tikz@figbox=\box77
\tikz@figbox@bg=\box78
\tikz@tempbox=\box79
\tikz@tempbox@bg=\box80
\tikztreelevel=\count335
\tikznumberofchildren=\count336
\tikznumberofcurrentchild=\count337
\tikz@fig@count=\count338

(/usr/local/texlive/2023/texmf-dist/tex/generic/pgf/modules/pgfmodulematrix.cod
e.tex
File: pgfmodulematrix.code.tex 2023-01-15 v3.1.10 (3.1.10)
\pgfmatrixcurrentrow=\count339
\pgfmatrixcurrentcolumn=\count340
\pgf@matrix@numberofcolumns=\count341
)
\tikz@expandcount=\count342

(/usr/local/texlive/2023/texmf-dist/tex/generic/pgf/frontendlayer/tikz/librarie
s/tikzlibrarytopaths.code.tex
File: tikzlibrarytopaths.code.tex 2023-01-15 v3.1.10 (3.1.10)
)))
(/usr/local/texlive/2023/texmf-dist/tex/latex/beamer/beamerthemeMadrid.sty
(/usr/local/texlive/2023/texmf-dist/tex/latex/beamer/beamercolorthemewhale.sty)

(/usr/local/texlive/2023/texmf-dist/tex/latex/beamer/beamercolorthemeorchid.sty
)
(/usr/local/texlive/2023/texmf-dist/tex/latex/beamer/beamerinnerthemerounded.st
y)
(/usr/local/texlive/2023/texmf-dist/tex/latex/beamer/beamerouterthemeinfolines.
sty)) (/usr/local/texlive/2023/texmf-dist/tex/latex/base/inputenc.sty
Package: inputenc 2021/02/14 v1.3d Input encoding file
\inpenc@prehook=\toks47
\inpenc@posthook=\toks48
)
(/usr/local/texlive/2023/texmf-dist/tex/latex/base/fontenc.sty
Package: fontenc 2021/04/29 v2.0v Standard LaTeX package
)
(/usr/local/texlive/2023/texmf-dist/tex/latex/gensymb/gensymb.sty
Package: gensymb 2022/10/17 v1.0.2 (KJH)
)
(/usr/local/texlive/2023/texmf-dist/tex/latex/caption/subcaption.sty
Package: subcaption 2023/02/19 v1.6 Sub-captions (AR)

(/usr/local/texlive/2023/texmf-dist/tex/latex/caption/caption.sty
Package: caption 2023/03/12 v3.6j Customizing captions (AR)

(/usr/local/texlive/2023/texmf-dist/tex/latex/caption/caption3.sty
Package: caption3 2023/03/12 v2.4 caption3 kernel (AR)
\caption@tempdima=\dimen307
\captionmargin=\dimen308
\caption@leftmargin=\dimen309
\caption@rightmargin=\dimen310
\caption@width=\dimen311
\caption@indent=\dimen312
\caption@parindent=\dimen313
\caption@hangindent=\dimen314
Package caption Info: beamer document class detected.

(/usr/local/texlive/2023/texmf-dist/tex/latex/caption/caption-beamer.sto
File: caption-beamer.sto 2022/01/06 v2.0c Adaption of the caption package to th
e beamer document classes (AR)
))
\c@caption@flags=\count343
\c@continuedfloat=\count344
Package caption Info: hyperref package is loaded.
Package caption Info: Hyperref support is turned off
(caption)             because hyperref has stopped early.
)
Package caption Info: New subtype `subfigure' on input line 239.
\c@subfigure=\count345
Package caption Info: New subtype `subtable' on input line 239.
\c@subtable=\count346
)
(/usr/local/texlive/2023/texmf-dist/tex/latex/mathtools/mathtools.sty
Package: mathtools 2022/06/29 v1.29 mathematical typesetting tools

(/usr/local/texlive/2023/texmf-dist/tex/latex/tools/calc.sty
Package: calc 2017/05/25 v4.3 Infix arithmetic (KKT,FJ)
\calc@Acount=\count347
\calc@Bcount=\count348
\calc@Adimen=\dimen315
\calc@Bdimen=\dimen316
\calc@Askip=\skip65
\calc@Bskip=\skip66
LaTeX Info: Redefining \setlength on input line 80.
LaTeX Info: Redefining \addtolength on input line 81.
\calc@Ccount=\count349
\calc@Cskip=\skip67
)
(/usr/local/texlive/2023/texmf-dist/tex/latex/mathtools/mhsetup.sty
Package: mhsetup 2021/03/18 v1.4 programming setup (MH)
)
\g_MT_multlinerow_int=\count350
\l_MT_multwidth_dim=\dimen317
\origjot=\skip68
\l_MT_shortvdotswithinadjustabove_dim=\dimen318
\l_MT_shortvdotswithinadjustbelow_dim=\dimen319
\l_MT_above_intertext_sep=\dimen320
\l_MT_below_intertext_sep=\dimen321
\l_MT_above_shortintertext_sep=\dimen322
\l_MT_below_shortintertext_sep=\dimen323
\xmathstrut@box=\box81
\xmathstrut@dim=\dimen324
)
(/usr/local/texlive/2023/texmf-dist/tex/latex/pgf-pie/pgf-pie.sty
Package: pgf-pie 2022/06/14 v0.7 Some LaTeX macros for pie chart by using PGF/T
ikz package.

(/usr/local/texlive/2023/texmf-dist/tex/latex/pgf-pie/tikzlibrarypie.code.tex
(/usr/local/texlive/2023/texmf-dist/tex/latex/carlisle/scalefnt.sty)
\pgfpie@angleEnd=\dimen325
\pgfpie@explodeLength=\count351
\pgfpie@colorLength=\count352
\pgfpie@sliceLength=\count353
))
\c@primer=\count354

(/usr/local/texlive/2023/texmf-dist/tex/latex/biblatex/biblatex.sty
Package: biblatex 2023/03/05 v3.19 programmable bibliographies (PK/MW)

(/usr/local/texlive/2023/texmf-dist/tex/latex/logreq/logreq.sty
Package: logreq 2010/08/04 v1.0 xml request logger
\lrq@indent=\count355

(/usr/local/texlive/2023/texmf-dist/tex/latex/logreq/logreq.def
File: logreq.def 2010/08/04 v1.0 logreq spec v1.0
))
(/usr/local/texlive/2023/texmf-dist/tex/latex/base/ifthen.sty
Package: ifthen 2022/04/13 v1.1d Standard LaTeX ifthen package (DPC)
)
\c@tabx@nest=\count356
\c@listtotal=\count357
\c@listcount=\count358
\c@liststart=\count359
\c@liststop=\count360
\c@citecount=\count361
\c@citetotal=\count362
\c@multicitecount=\count363
\c@multicitetotal=\count364
\c@instcount=\count365
\c@maxnames=\count366
\c@minnames=\count367
\c@maxitems=\count368
\c@minitems=\count369
\c@citecounter=\count370
\c@maxcitecounter=\count371
\c@savedcitecounter=\count372
\c@uniquelist=\count373
\c@uniquename=\count374
\c@refsection=\count375
\c@refsegment=\count376
\c@maxextratitle=\count377
\c@maxextratitleyear=\count378
\c@maxextraname=\count379
\c@maxextradate=\count380
\c@maxextraalpha=\count381
\c@abbrvpenalty=\count382
\c@highnamepenalty=\count383
\c@lownamepenalty=\count384
\c@maxparens=\count385
\c@parenlevel=\count386
\blx@tempcnta=\count387
\blx@tempcntb=\count388
\blx@tempcntc=\count389
\c@blx@maxsection=\count390
\blx@maxsegment@0=\count391
\blx@notetype=\count392
\blx@parenlevel@text=\count393
\blx@parenlevel@foot=\count394
\blx@sectionciteorder@0=\count395
\blx@sectionciteorderinternal@0=\count396
\blx@entrysetcounter=\count397
\blx@biblioinstance=\count398
\labelnumberwidth=\skip69
\labelalphawidth=\skip70
\biblabelsep=\skip71
\bibitemsep=\skip72
\bibnamesep=\skip73
\bibinitsep=\skip74
\bibparsep=\skip75
\bibhang=\skip76
\blx@bcfin=\read3
\blx@bcfout=\write5
\blx@langwohyphens=\language87
\c@mincomprange=\count399
\c@maxcomprange=\count400
\c@mincompwidth=\count401
Package biblatex Info: Trying to load biblatex default data model...
Package biblatex Info: ... file 'blx-dm.def' found.

(/usr/local/texlive/2023/texmf-dist/tex/latex/biblatex/blx-dm.def
File: blx-dm.def 2023/03/05 v3.19 biblatex localization (PK/MW)
)
Package biblatex Info: Trying to load biblatex custom data model...
Package biblatex Info: ... file 'biblatex-dm.cfg' not found.
\c@afterword=\count402
\c@savedafterword=\count403
\c@annotator=\count404
\c@savedannotator=\count405
\c@author=\count406
\c@savedauthor=\count407
\c@bookauthor=\count408
\c@savedbookauthor=\count409
\c@commentator=\count410
\c@savedcommentator=\count411
\c@editor=\count412
\c@savededitor=\count413
\c@editora=\count414
\c@savededitora=\count415
\c@editorb=\count416
\c@savededitorb=\count417
\c@editorc=\count418
\c@savededitorc=\count419
\c@foreword=\count420
\c@savedforeword=\count421
\c@holder=\count422
\c@savedholder=\count423
\c@introduction=\count424
\c@savedintroduction=\count425
\c@namea=\count426
\c@savednamea=\count427
\c@nameb=\count428
\c@savednameb=\count429
\c@namec=\count430
\c@savednamec=\count431
\c@translator=\count432
\c@savedtranslator=\count433
\c@shortauthor=\count434
\c@savedshortauthor=\count435
\c@shorteditor=\count436
\c@savedshorteditor=\count437
\c@labelname=\count438
\c@savedlabelname=\count439
\c@institution=\count440
\c@savedinstitution=\count441
\c@lista=\count442
\c@savedlista=\count443
\c@listb=\count444
\c@savedlistb=\count445
\c@listc=\count446
\c@savedlistc=\count447
\c@listd=\count448
\c@savedlistd=\count449
\c@liste=\count450
\c@savedliste=\count451
\c@listf=\count452
\c@savedlistf=\count453
\c@location=\count454
\c@savedlocation=\count455
\c@organization=\count456
\c@savedorganization=\count457
\c@origlocation=\count458
\c@savedoriglocation=\count459
\c@origpublisher=\count460
\c@savedorigpublisher=\count461
\c@publisher=\count462
\c@savedpublisher=\count463
\c@language=\count464
\c@savedlanguage=\count465
\c@origlanguage=\count466
\c@savedoriglanguage=\count467
\c@pageref=\count468
\c@savedpageref=\count469
\shorthandwidth=\skip77
\shortjournalwidth=\skip78
\shortserieswidth=\skip79
\shorttitlewidth=\skip80
\shortauthorwidth=\skip81
\shorteditorwidth=\skip82
\locallabelnumberwidth=\skip83
\locallabelalphawidth=\skip84
\localshorthandwidth=\skip85
\localshortjournalwidth=\skip86
\localshortserieswidth=\skip87
\localshorttitlewidth=\skip88
\localshortauthorwidth=\skip89
\localshorteditorwidth=\skip90
Package biblatex Info: Trying to load compatibility code...
Package biblatex Info: ... file 'blx-compat.def' found.

(/usr/local/texlive/2023/texmf-dist/tex/latex/biblatex/blx-compat.def
File: blx-compat.def 2023/03/05 v3.19 biblatex compatibility (PK/MW)
)
Package biblatex Info: Trying to load generic definitions...
Package biblatex Info: ... file 'biblatex.def' found.

(/usr/local/texlive/2023/texmf-dist/tex/latex/biblatex/biblatex.def
File: biblatex.def 2023/03/05 v3.19 biblatex compatibility (PK/MW)
\c@textcitecount=\count470
\c@textcitetotal=\count471
\c@textcitemaxnames=\count472
\c@biburlbigbreakpenalty=\count473
\c@biburlbreakpenalty=\count474
\c@biburlnumpenalty=\count475
\c@biburlucpenalty=\count476
\c@biburllcpenalty=\count477
\biburlbigskip=\muskip18
\biburlnumskip=\muskip19
\biburlucskip=\muskip20
\biburllcskip=\muskip21
\c@smartand=\count478
)
Package biblatex Info: Trying to load bibliography style 'numeric'...
Package biblatex Info: ... file 'numeric.bbx' found.

(/usr/local/texlive/2023/texmf-dist/tex/latex/biblatex/bbx/numeric.bbx
File: numeric.bbx 2023/03/05 v3.19 biblatex bibliography style (PK/MW)
Package biblatex Info: Trying to load bibliography style 'standard'...
Package biblatex Info: ... file 'standard.bbx' found.

(/usr/local/texlive/2023/texmf-dist/tex/latex/biblatex/bbx/standard.bbx
File: standard.bbx 2023/03/05 v3.19 biblatex bibliography style (PK/MW)
\c@bbx:relatedcount=\count479
\c@bbx:relatedtotal=\count480
))
Package biblatex Info: Trying to load citation style 'numeric'...
Package biblatex Info: ... file 'numeric.cbx' found.

(/usr/local/texlive/2023/texmf-dist/tex/latex/biblatex/cbx/numeric.cbx
File: numeric.cbx 2023/03/05 v3.19 biblatex citation style (PK/MW)
Package biblatex Info: Redefining '\cite'.
Package biblatex Info: Redefining '\parencite'.
Package biblatex Info: Redefining '\footcite'.
Package biblatex Info: Redefining '\footcitetext'.
Package biblatex Info: Redefining '\smartcite'.
Package biblatex Info: Redefining '\supercite'.
Package biblatex Info: Redefining '\textcite'.
Package biblatex Info: Redefining '\textcites'.
Package biblatex Info: Redefining '\cites'.
Package biblatex Info: Redefining '\parencites'.
Package biblatex Info: Redefining '\smartcites'.
)
Package biblatex Info: Trying to load configuration file...
Package biblatex Info: ... file 'biblatex.cfg' found.

(/usr/local/texlive/2023/texmf-dist/tex/latex/biblatex/biblatex.cfg
File: biblatex.cfg 
)
Package biblatex Info: Input encoding 'utf8' detected.
Package biblatex Info: Document encoding is UTF8 ....

(/usr/local/texlive/2023/texmf-dist/tex/latex/l3kernel/expl3.sty
Package: expl3 2023-02-22 L3 programming layer (loader) 

(/usr/local/texlive/2023/texmf-dist/tex/latex/l3backend/l3backend-pdftex.def
File: l3backend-pdftex.def 2023-01-16 L3 backend support: PDF output (pdfTeX)
\l__color_backend_stack_int=\count481
\l__pdf_internal_box=\box82
))
Package biblatex Info: ... and expl3
(biblatex)             2023-02-22 L3 programming layer (loader) 
(biblatex)             is new enough (at least 2020/04/06),
(biblatex)             setting 'casechanger=expl3'.

(/usr/local/texlive/2023/texmf-dist/tex/latex/biblatex/blx-case-expl3.sty
(/usr/local/texlive/2023/texmf-dist/tex/latex/l3packages/xparse/xparse.sty
Package: xparse 2023-02-02 L3 Experimental document command parser
)
Package: blx-case-expl3 2023/03/05 v3.19 expl3 case changing code for biblatex
))
\@quotelevel=\count482
\@quotereset=\count483

(./main.aux)
\openout1 = `main.aux'.

LaTeX Font Info:    Checking defaults for OML/cmm/m/it on input line 45.
LaTeX Font Info:    ... okay on input line 45.
LaTeX Font Info:    Checking defaults for OMS/cmsy/m/n on input line 45.
LaTeX Font Info:    ... okay on input line 45.
LaTeX Font Info:    Checking defaults for OT1/cmr/m/n on input line 45.
LaTeX Font Info:    ... okay on input line 45.
LaTeX Font Info:    Checking defaults for T1/cmr/m/n on input line 45.
LaTeX Font Info:    ... okay on input line 45.
LaTeX Font Info:    Checking defaults for TS1/cmr/m/n on input line 45.
LaTeX Font Info:    ... okay on input line 45.
LaTeX Font Info:    Checking defaults for OMX/cmex/m/n on input line 45.
LaTeX Font Info:    ... okay on input line 45.
LaTeX Font Info:    Checking defaults for U/cmr/m/n on input line 45.
LaTeX Font Info:    ... okay on input line 45.
LaTeX Font Info:    Checking defaults for PD1/pdf/m/n on input line 45.
LaTeX Font Info:    ... okay on input line 45.
LaTeX Font Info:    Checking defaults for PU/pdf/m/n on input line 45.
LaTeX Font Info:    ... okay on input line 45.

*geometry* driver: auto-detecting
*geometry* detected driver: pdftex
*geometry* verbose mode - [ preamble ] result:
* driver: pdftex
* paper: custom
* layout: <same size as paper>
* layoutoffset:(h,v)=(0.0pt,0.0pt)
* modes: includehead includefoot 
* h-part:(L,W,R)=(10.95003pt, 342.2953pt, 10.95003pt)
* v-part:(T,H,B)=(0.0pt, 273.14662pt, 0.0pt)
* \paperwidth=364.19536pt
* \paperheight=273.14662pt
* \textwidth=342.2953pt
* \textheight=244.6939pt
* \oddsidemargin=-61.31996pt
* \evensidemargin=-61.31996pt
* \topmargin=-72.26999pt
* \headheight=14.22636pt
* \headsep=0.0pt
* \topskip=11.0pt
* \footskip=14.22636pt
* \marginparwidth=4.0pt
* \marginparsep=10.0pt
* \columnsep=10.0pt
* \skip\footins=10.0pt plus 4.0pt minus 2.0pt
* \hoffset=0.0pt
* \voffset=0.0pt
* \mag=1000
* \@twocolumnfalse
* \@twosidefalse
* \@mparswitchfalse
* \@reversemarginfalse
* (1in=72.27pt=25.4mm, 1cm=28.453pt)

(/usr/local/texlive/2023/texmf-dist/tex/context/base/mkii/supp-pdf.mkii
[Loading MPS to PDF converter (version 2006.09.02).]
\scratchcounter=\count484
\scratchdimen=\dimen326
\scratchbox=\box83
\nofMPsegments=\count485
\nofMParguments=\count486
\everyMPshowfont=\toks49
\MPscratchCnt=\count487
\MPscratchDim=\dimen327
\MPnumerator=\count488
\makeMPintoPDFobject=\count489
\everyMPtoPDFconversion=\toks50
) (/usr/local/texlive/2023/texmf-dist/tex/latex/epstopdf-pkg/epstopdf-base.sty
Package: epstopdf-base 2020-01-24 v2.11 Base part for package epstopdf
Package epstopdf-base Info: Redefining graphics rule for `.eps' on input line 4
85.

(/usr/local/texlive/2023/texmf-dist/tex/latex/latexconfig/epstopdf-sys.cfg
File: epstopdf-sys.cfg 2010/07/13 v1.3 Configuration of (r)epstopdf for TeX Liv
e
))
Package hyperref Info: Link coloring OFF on input line 45.

(./main.out) (./main.out)
\@outlinefile=\write6
\openout6 = `main.out'.

LaTeX Font Info:    Overwriting symbol font `operators' in version `normal'
(Font)                  OT1/cmr/m/n --> OT1/cmss/m/n on input line 45.
LaTeX Font Info:    Overwriting symbol font `operators' in version `bold'
(Font)                  OT1/cmr/bx/n --> OT1/cmss/b/n on input line 45.
\symnumbers=\mathgroup6
\sympureletters=\mathgroup7
LaTeX Font Info:    Overwriting math alphabet `\mathrm' in version `normal'
(Font)                  OT1/cmss/m/n --> T1/cmr/m/n on input line 45.
LaTeX Font Info:    Redeclaring math alphabet \mathbf on input line 45.
LaTeX Font Info:    Overwriting math alphabet `\mathbf' in version `normal'
(Font)                  OT1/cmr/bx/n --> T1/cmss/b/n on input line 45.
LaTeX Font Info:    Overwriting math alphabet `\mathbf' in version `bold'
(Font)                  OT1/cmr/bx/n --> T1/cmss/b/n on input line 45.
LaTeX Font Info:    Redeclaring math alphabet \mathsf on input line 45.
LaTeX Font Info:    Overwriting math alphabet `\mathsf' in version `normal'
(Font)                  OT1/cmss/m/n --> T1/cmss/m/n on input line 45.
LaTeX Font Info:    Overwriting math alphabet `\mathsf' in version `bold'
(Font)                  OT1/cmss/bx/n --> T1/cmss/m/n on input line 45.
LaTeX Font Info:    Redeclaring math alphabet \mathit on input line 45.
LaTeX Font Info:    Overwriting math alphabet `\mathit' in version `normal'
(Font)                  OT1/cmr/m/it --> T1/cmss/m/it on input line 45.
LaTeX Font Info:    Overwriting math alphabet `\mathit' in version `bold'
(Font)                  OT1/cmr/bx/it --> T1/cmss/m/it on input line 45.
LaTeX Font Info:    Redeclaring math alphabet \mathtt on input line 45.
LaTeX Font Info:    Overwriting math alphabet `\mathtt' in version `normal'
(Font)                  OT1/cmtt/m/n --> T1/cmtt/m/n on input line 45.
LaTeX Font Info:    Overwriting math alphabet `\mathtt' in version `bold'
(Font)                  OT1/cmtt/m/n --> T1/cmtt/m/n on input line 45.
LaTeX Font Info:    Overwriting symbol font `numbers' in version `bold'
(Font)                  T1/cmss/m/n --> T1/cmss/b/n on input line 45.
LaTeX Font Info:    Overwriting symbol font `pureletters' in version `bold'
(Font)                  T1/cmss/m/it --> T1/cmss/b/it on input line 45.
LaTeX Font Info:    Overwriting math alphabet `\mathrm' in version `bold'
(Font)                  OT1/cmss/b/n --> T1/cmr/b/n on input line 45.
LaTeX Font Info:    Overwriting math alphabet `\mathbf' in version `bold'
(Font)                  T1/cmss/b/n --> T1/cmss/b/n on input line 45.
LaTeX Font Info:    Overwriting math alphabet `\mathsf' in version `bold'
(Font)                  T1/cmss/m/n --> T1/cmss/b/n on input line 45.
LaTeX Font Info:    Overwriting math alphabet `\mathit' in version `bold'
(Font)                  T1/cmss/m/it --> T1/cmss/b/it on input line 45.
LaTeX Font Info:    Overwriting math alphabet `\mathtt' in version `bold'
(Font)                  T1/cmtt/m/n --> T1/cmtt/b/n on input line 45.
LaTeX Font Info:    Redeclaring symbol font `pureletters' on input line 45.
LaTeX Font Info:    Encoding `T1' has changed to `OT1' for symbol font
(Font)              `pureletters' in the math version `normal' on input line 45
.
LaTeX Font Info:    Overwriting symbol font `pureletters' in version `normal'
(Font)                  T1/cmss/m/it --> OT1/mathkerncmss/m/sl on input line 45
.
LaTeX Font Info:    Encoding `T1' has changed to `OT1' for symbol font
(Font)              `pureletters' in the math version `bold' on input line 45.
LaTeX Font Info:    Overwriting symbol font `pureletters' in version `bold'
(Font)                  T1/cmss/b/it --> OT1/mathkerncmss/m/sl on input line 45
.
LaTeX Font Info:    Overwriting symbol font `pureletters' in version `bold'
(Font)                  OT1/mathkerncmss/m/sl --> OT1/mathkerncmss/bx/sl on inp
ut line 45.

(/usr/local/texlive/2023/texmf-dist/tex/latex/translator/translator-basic-dicti
onary-English.dict
Dictionary: translator-basic-dictionary, Language: English 
)
(/usr/local/texlive/2023/texmf-dist/tex/latex/translator/translator-bibliograph
y-dictionary-English.dict
Dictionary: translator-bibliography-dictionary, Language: English 
)
(/usr/local/texlive/2023/texmf-dist/tex/latex/translator/translator-environment
-dictionary-English.dict
Dictionary: translator-environment-dictionary, Language: English 
)
(/usr/local/texlive/2023/texmf-dist/tex/latex/translator/translator-months-dict
ionary-English.dict
Dictionary: translator-months-dictionary, Language: English 
)
(/usr/local/texlive/2023/texmf-dist/tex/latex/translator/translator-numbers-dic
tionary-English.dict
Dictionary: translator-numbers-dictionary, Language: English 
)
(/usr/local/texlive/2023/texmf-dist/tex/latex/translator/translator-theorem-dic
tionary-English.dict
Dictionary: translator-theorem-dictionary, Language: English 
)
LaTeX Info: Redefining \celsius on input line 45.
Package gensymb Info: Faking symbols for \degree and \celsius on input line 45.



Package gensymb Warning: Not defining \perthousand.

LaTeX Info: Redefining \ohm on input line 45.
Package gensymb Info: Using \Omega for \ohm on input line 45.

Package gensymb Warning: Not defining \micro.

Package caption Info: Begin \AtBeginDocument code.
Package caption Info: End \AtBeginDocument code.
Package biblatex Info: Trying to load language 'english'...
Package biblatex Info: ... file 'english.lbx' found.
(/usr/local/texlive/2023/texmf-dist/tex/latex/biblatex/lbx/english.lbx
File: english.lbx 2023/03/05 v3.19 biblatex localization (PK/MW)
)
Package biblatex Info: Input encoding 'utf8' detected.
Package biblatex Info: Automatic encoding selection.
(biblatex)             Assuming data encoding 'utf8'.
\openout5 = `main.bcf'.

Package biblatex Info: Trying to load bibliographic data...
Package biblatex Info: ... file 'main.bbl' not found.

No file main.bbl.
Package biblatex Info: Reference section=0 on input line 45.
Package biblatex Info: Reference segment=0 on input line 45.
(./main.nav) [1

{/usr/local/texlive/2023/texmf-var/fonts/map/pdftex/updmap/pdftex.map}{/usr/loc
al/texlive/2023/texmf-dist/fonts/enc/dvips/cm-super/cm-super-t1.enc}] (./main.t
oc) [2

] [3

] [4

] [5

]
LaTeX Font Info:    Trying to load font information for U+msa on input line 92.


(/usr/local/texlive/2023/texmf-dist/tex/latex/amsfonts/umsa.fd
File: umsa.fd 2013/01/14 v3.01 AMS symbols A
)
LaTeX Font Info:    Trying to load font information for U+msb on input line 92.


(/usr/local/texlive/2023/texmf-dist/tex/latex/amsfonts/umsb.fd
File: umsb.fd 2013/01/14 v3.01 AMS symbols B
)
LaTeX Font Info:    Trying to load font information for OT1+mathkerncmss on inp
ut line 92.

(/usr/local/texlive/2023/texmf-dist/tex/latex/sansmathaccent/ot1mathkerncmss.fd
File: ot1mathkerncmss.fd 2020/01/31 Fontinst v1.933 font definitions for OT1/ma
thkerncmss.
)
LaTeX Font Info:    Trying to load font information for T1+cmtt on input line 9
2.
 (/usr/local/texlive/2023/texmf-dist/tex/latex/base/t1cmtt.fd
File: t1cmtt.fd 2022/07/10 v2.5l Standard LaTeX font definitions
)
<dataCSV.png, id=215, 374.39874pt x 307.1475pt>
File: dataCSV.png Graphic file (type png)
<use dataCSV.png>
Package pdftex.def Info: dataCSV.png  used on input line 92.
(pdftex.def)             Requested size: 154.03183pt x 126.36246pt.


! Package caption Error: \caption outside float.

See the caption package documentation for explanation.
Type  H <return>  for immediate help.
 ...                                              
                                                  
l.92 \end{frame}
                
? 
[6

 <./dataCSV.png>]
File: dataCSV.png Graphic file (type png)
<use dataCSV.png>
Package pdftex.def Info: dataCSV.png  used on input line 92.
(pdftex.def)             Requested size: 154.03183pt x 126.36246pt.


! Package caption Error: \caption outside float.

See the caption package documentation for explanation.
Type  H <return>  for immediate help.
 ...                                              
                                                  
l.92 \end{frame}
                
? 
[7

]
File: dataCSV.png Graphic file (type png)
<use dataCSV.png>
Package pdftex.def Info: dataCSV.png  used on input line 92.
(pdftex.def)             Requested size: 154.03183pt x 126.36246pt.


! Package caption Error: \caption outside float.

See the caption package documentation for explanation.
Type  H <return>  for immediate help.
 ...                                              
                                                  
l.92 \end{frame}
                
? 
[8

]
File: dataCSV.png Graphic file (type png)
<use dataCSV.png>
Package pdftex.def Info: dataCSV.png  used on input line 92.
(pdftex.def)             Requested size: 154.03183pt x 126.36246pt.


! Package caption Error: \caption outside float.

See the caption package documentation for explanation.
Type  H <return>  for immediate help.
 ...                                              
                                                  
l.92 \end{frame}
                
? 
[9

]
File: dataCSV.png Graphic file (type png)
<use dataCSV.png>
Package pdftex.def Info: dataCSV.png  used on input line 92.
(pdftex.def)             Requested size: 154.03183pt x 126.36246pt.


! Package caption Error: \caption outside float.

See the caption package documentation for explanation.
Type  H <return>  for immediate help.
 ...                                              
                                                  
l.92 \end{frame}
                
? 
[10

]
File: dataCSV.png Graphic file (type png)
<use dataCSV.png>
Package pdftex.def Info: dataCSV.png  used on input line 92.
(pdftex.def)             Requested size: 154.03183pt x 126.36246pt.


! Package caption Error: \caption outside float.

See the caption package documentation for explanation.
Type  H <return>  for immediate help.
 ...                                              
                                                  
l.92 \end{frame}
                
? 
[11

]
<reducedDataCSV.png, id=381, 378.41376pt x 313.17pt>
File: reducedDataCSV.png Graphic file (type png)
<use reducedDataCSV.png>
Package pdftex.def Info: reducedDataCSV.png  used on input line 111.
(pdftex.def)             Requested size: 169.43596pt x 140.22273pt.


! Package caption Error: \caption outside float.

See the caption package documentation for explanation.
Type  H <return>  for immediate help.
 ...                                              
                                                  
l.111 \end{frame}
                 
? 
[12

 <./reducedDataCSV.png>]
File: reducedDataCSV.png Graphic file (type png)
<use reducedDataCSV.png>
Package pdftex.def Info: reducedDataCSV.png  used on input line 111.
(pdftex.def)             Requested size: 169.43596pt x 140.22273pt.


! Package caption Error: \caption outside float.

See the caption package documentation for explanation.
Type  H <return>  for immediate help.
 ...                                              
                                                  
l.111 \end{frame}
                 
? 
[13

]
File: reducedDataCSV.png Graphic file (type png)
<use reducedDataCSV.png>
Package pdftex.def Info: reducedDataCSV.png  used on input line 111.
(pdftex.def)             Requested size: 169.43596pt x 140.22273pt.


! Package caption Error: \caption outside float.

See the caption package documentation for explanation.
Type  H <return>  for immediate help.
 ...                                              
                                                  
l.111 \end{frame}
                 
? 
[14

]
File: reducedDataCSV.png Graphic file (type png)
<use reducedDataCSV.png>
Package pdftex.def Info: reducedDataCSV.png  used on input line 111.
(pdftex.def)             Requested size: 169.43596pt x 140.22273pt.


! Package caption Error: \caption outside float.

See the caption package documentation for explanation.
Type  H <return>  for immediate help.
 ...                                              
                                                  
l.111 \end{frame}
                 
? 
[15

]
<reducedData.png, id=490, 646.415pt x 450.68375pt>
File: reducedData.png Graphic file (type png)
<use reducedData.png>
Package pdftex.def Info: reducedData.png  used on input line 128.
(pdftex.def)             Requested size: 215.64363pt x 150.34903pt.


! Package caption Error: \caption outside float.

See the caption package documentation for explanation.
Type  H <return>  for immediate help.
 ...                                              
                                                  
l.128 \end{frame}
                 
? 
[16

 <./reducedData.png>]
File: reducedData.png Graphic file (type png)
<use reducedData.png>
Package pdftex.def Info: reducedData.png  used on input line 128.
(pdftex.def)             Requested size: 215.64363pt x 150.34903pt.


! Package caption Error: \caption outside float.

See the caption package documentation for explanation.
Type  H <return>  for immediate help.
 ...                                              
                                                  
l.128 \end{frame}
                 
? 
[17

]

! LaTeX Error: \begin{itemize} on input line 144 ended by \end{enumerate}.

See the LaTeX manual or LaTeX Companion for explanation.
Type  H <return>  for immediate help.
 ...                                              
                                                  
l.144 \end{frame}
                 
? 
[18

]

! LaTeX Error: \begin{itemize} on input line 144 ended by \end{enumerate}.

See the LaTeX manual or LaTeX Companion for explanation.
Type  H <return>  for immediate help.
 ...                                              
                                                  
l.144 \end{frame}
                 
? 
[19

]

! LaTeX Error: \begin{itemize} on input line 144 ended by \end{enumerate}.

See the LaTeX manual or LaTeX Companion for explanation.
Type  H <return>  for immediate help.
 ...                                              
                                                  
l.144 \end{frame}
                 
? 
[20

]

! LaTeX Error: \begin{itemize} on input line 144 ended by \end{enumerate}.

See the LaTeX manual or LaTeX Companion for explanation.
Type  H <return>  for immediate help.
 ...                                              
                                                  
l.144 \end{frame}
                 
? 
[21

]

! LaTeX Error: \begin{itemize} on input line 144 ended by \end{enumerate}.

See the LaTeX manual or LaTeX Companion for explanation.
Type  H <return>  for immediate help.
 ...                                              
                                                  
l.144 \end{frame}
                 
? 
[22

]

! LaTeX Error: \begin{itemize} on input line 144 ended by \end{enumerate}.

See the LaTeX manual or LaTeX Companion for explanation.
Type  H <return>  for immediate help.
 ...                                              
                                                  
l.144 \end{frame}
                 
? 
[23

]
<radius.png, id=700, 645.41125pt x 449.68pt>
File: radius.png Graphic file (type png)
<use radius.png>
Package pdftex.def Info: radius.png  used on input line 163.
(pdftex.def)             Requested size: 107.82416pt x 75.1203pt.


! Package caption Error: \caption outside float.

See the caption package documentation for explanation.
Type  H <return>  for immediate help.
 ...                                              
                                                  
l.163 \end{frame}
                 
? 

Overfull \vbox (4.78915pt too high) detected at line 163
 []

[24

 <./radius.png>]
File: radius.png Graphic file (type png)
<use radius.png>
Package pdftex.def Info: radius.png  used on input line 163.
(pdftex.def)             Requested size: 107.82416pt x 75.1203pt.


! Package caption Error: \caption outside float.

See the caption package documentation for explanation.
Type  H <return>  for immediate help.
 ...                                              
                                                  
l.163 \end{frame}
                 
? 

Overfull \vbox (4.78915pt too high) detected at line 163
 []

[25

]
File: radius.png Graphic file (type png)
<use radius.png>
Package pdftex.def Info: radius.png  used on input line 163.
(pdftex.def)             Requested size: 107.82416pt x 75.1203pt.


! Package caption Error: \caption outside float.

See the caption package documentation for explanation.
Type  H <return>  for immediate help.
 ...                                              
                                                  
l.163 \end{frame}
                 
? 

Overfull \vbox (4.78915pt too high) detected at line 163
 []

[26

]
File: radius.png Graphic file (type png)
<use radius.png>
Package pdftex.def Info: radius.png  used on input line 163.
(pdftex.def)             Requested size: 107.82416pt x 75.1203pt.


! Package caption Error: \caption outside float.

See the caption package documentation for explanation.
Type  H <return>  for immediate help.
 ...                                              
                                                  
l.163 \end{frame}
                 
? 

Overfull \vbox (4.78915pt too high) detected at line 163
 []

[27

] [28

] [29

] [30

] [31

] [32

] [33

] [34

] [35

] [36

] [37

] [38

] [39

]
<clusters_2.png, id=1126, 642.4pt x 481.8pt>
File: clusters_2.png Graphic file (type png)
<use clusters_2.png>
Package pdftex.def Info: clusters_2.png  used on input line 221.
(pdftex.def)             Requested size: 188.26346pt x 141.19609pt.

Overfull \hbox (21.90005pt too wide) in paragraph at lines 221--221
[][]
 []


Underfull \hbox (badness 10000) in paragraph at lines 221--221

 []


Overfull \vbox (11.65381pt too high) detected at line 221
 []

[40

 <./clusters_2.png>]
File: clusters_2.png Graphic file (type png)
<use clusters_2.png>
Package pdftex.def Info: clusters_2.png  used on input line 221.
(pdftex.def)             Requested size: 188.26346pt x 141.19609pt.

Overfull \hbox (21.90005pt too wide) in paragraph at lines 221--221
[][]
 []


Underfull \hbox (badness 10000) in paragraph at lines 221--221

 []


Overfull \vbox (11.65381pt too high) detected at line 221
 []

[41

]
File: clusters_2.png Graphic file (type png)
<use clusters_2.png>
Package pdftex.def Info: clusters_2.png  used on input line 221.
(pdftex.def)             Requested size: 188.26346pt x 141.19609pt.

Overfull \hbox (21.90005pt too wide) in paragraph at lines 221--221
[][]
 []


Underfull \hbox (badness 10000) in paragraph at lines 221--221

 []


Overfull \vbox (11.65381pt too high) detected at line 221
 []

[42

]
File: clusters_2.png Graphic file (type png)
<use clusters_2.png>
Package pdftex.def Info: clusters_2.png  used on input line 221.
(pdftex.def)             Requested size: 188.26346pt x 141.19609pt.

Overfull \hbox (21.90005pt too wide) in paragraph at lines 221--221
[][]
 []


Underfull \hbox (badness 10000) in paragraph at lines 221--221

 []


Overfull \vbox (11.65381pt too high) detected at line 221
 []

[43

]
File: clusters_2.png Graphic file (type png)
<use clusters_2.png>
Package pdftex.def Info: clusters_2.png  used on input line 221.
(pdftex.def)             Requested size: 188.26346pt x 141.19609pt.

Overfull \hbox (21.90005pt too wide) in paragraph at lines 221--221
[][]
 []


Underfull \hbox (badness 10000) in paragraph at lines 221--221

 []


Overfull \vbox (11.65381pt too high) detected at line 221
 []

[44

]
<all_distances2.png, id=1261, 642.4pt x 481.8pt>
File: all_distances2.png Graphic file (type png)
<use all_distances2.png>
Package pdftex.def Info: all_distances2.png  used on input line 234.
(pdftex.def)             Requested size: 239.60567pt x 179.70413pt.

Overfull \hbox (21.90005pt too wide) in paragraph at lines 234--234
[][]
 []


Underfull \hbox (badness 10000) in paragraph at lines 234--234

 []


Overfull \vbox (17.76881pt too high) detected at line 234
 []

[45

 <./all_distances2.png>]
<stats_clusters2.png, id=1289, 2007.5pt x 1525.7pt>
File: stats_clusters2.png Graphic file (type png)
<use stats_clusters2.png>
Package pdftex.def Info: stats_clusters2.png  used on input line 244.
(pdftex.def)             Requested size: 239.60567pt x 182.09833pt.
 [46

 <./stats_clusters2.png>] [47

] [48

] [49

]
[50

] [51

] [52

] [53

] [54

] [55

] [56

] [57

] [58

] [59

] [60

] [61

] [62

]
<type_num_clusters2.png, id=1747, 2602.72375pt x 1604.99625pt>
File: type_num_clusters2.png Graphic file (type png)
<use type_num_clusters2.png>
Package pdftex.def Info: type_num_clusters2.png  used on input line 311.
(pdftex.def)             Requested size: 273.83728pt x 168.8602pt.
 [63

 <./type_num_clusters2.png>]
<type_p_clusters2.png, id=1776, 2528.44624pt x 1525.7pt>
File: type_p_clusters2.png Graphic file (type png)
<use type_p_clusters2.png>
Package pdftex.def Info: type_p_clusters2.png  used on input line 321.
(pdftex.def)             Requested size: 273.83728pt x 165.22012pt.
 [64

 <./type_p_clusters2.png>]
<clusters_1_2.png, id=1804, 1308.89pt x 481.8pt>
File: clusters_1_2.png Graphic file (type png)
<use clusters_1_2.png>
Package pdftex.def Info: clusters_1_2.png  used on input line 335.
(pdftex.def)             Requested size: 205.37926pt x 75.59718pt.

Overfull \hbox (21.90005pt too wide) in paragraph at lines 335--335
[][]
 []


Underfull \hbox (badness 10000) in paragraph at lines 335--335

 []

[65

 <./clusters_1_2.png>]
File: clusters_1_2.png Graphic file (type png)
<use clusters_1_2.png>
Package pdftex.def Info: clusters_1_2.png  used on input line 335.
(pdftex.def)             Requested size: 205.37926pt x 75.59718pt.

Overfull \hbox (21.90005pt too wide) in paragraph at lines 335--335
[][]
 []


Underfull \hbox (badness 10000) in paragraph at lines 335--335

 []

[66

]
File: clusters_1_2.png Graphic file (type png)
<use clusters_1_2.png>
Package pdftex.def Info: clusters_1_2.png  used on input line 335.
(pdftex.def)             Requested size: 205.37926pt x 75.59718pt.

Overfull \hbox (21.90005pt too wide) in paragraph at lines 335--335
[][]
 []


Underfull \hbox (badness 10000) in paragraph at lines 335--335

 []

[67

]
File: clusters_1_2.png Graphic file (type png)
<use clusters_1_2.png>
Package pdftex.def Info: clusters_1_2.png  used on input line 348.
(pdftex.def)             Requested size: 154.03183pt x 56.69604pt.

Overfull \hbox (21.90005pt too wide) in paragraph at lines 348--348
[][]
 []


Underfull \hbox (badness 10000) in paragraph at lines 348--348

 []


Overfull \vbox (3.06078pt too high) detected at line 348
 []

[68

]
File: clusters_1_2.png Graphic file (type png)
<use clusters_1_2.png>
Package pdftex.def Info: clusters_1_2.png  used on input line 348.
(pdftex.def)             Requested size: 154.03183pt x 56.69604pt.

Overfull \hbox (21.90005pt too wide) in paragraph at lines 348--348
[][]
 []


Underfull \hbox (badness 10000) in paragraph at lines 348--348

 []


Overfull \vbox (3.06078pt too high) detected at line 348
 []

[69

]
File: clusters_1_2.png Graphic file (type png)
<use clusters_1_2.png>
Package pdftex.def Info: clusters_1_2.png  used on input line 348.
(pdftex.def)             Requested size: 154.03183pt x 56.69604pt.

Overfull \hbox (21.90005pt too wide) in paragraph at lines 348--348
[][]
 []


Underfull \hbox (badness 10000) in paragraph at lines 348--348

 []


Overfull \vbox (3.06078pt too high) detected at line 348
 []

[70

]
<stats_clusters3.png, id=1964, 2690.05pt x 2047.65pt>
File: stats_clusters3.png Graphic file (type png)
<use stats_clusters3.png>
Package pdftex.def Info: stats_clusters3.png  used on input line 358.
(pdftex.def)             Requested size: 273.83728pt x 208.4326pt.

Overfull \vbox (13.66867pt too high) detected at line 358
 []

[71

 <./stats_clusters3.png>]
<type_num_clusters3.png, id=1993, 3281.25874pt x 2047.65pt>
File: type_num_clusters3.png Graphic file (type png)
<use type_num_clusters3.png>
Package pdftex.def Info: type_num_clusters3.png  used on input line 369.
(pdftex.def)             Requested size: 273.83728pt x 170.87662pt.
 [72

 <./type_num_clusters3.png>]
<type_p_clusters3.png, id=2021, 3232.075pt x 2047.65pt>
File: type_p_clusters3.png Graphic file (type png)
<use type_p_clusters3.png>
Package pdftex.def Info: type_p_clusters3.png  used on input line 379.
(pdftex.def)             Requested size: 273.83728pt x 173.46992pt.
 [73

 <./type_p_clusters3.png>]
<clusters_1_3.png, id=2050, 1284.8pt x 481.8pt>
File: clusters_1_3.png Graphic file (type png)
<use clusters_1_3.png>
Package pdftex.def Info: clusters_1_3.png  used on input line 395.
(pdftex.def)             Requested size: 239.60567pt x 89.85207pt.

Overfull \hbox (21.90005pt too wide) in paragraph at lines 395--395
[][]
 []


Underfull \hbox (badness 10000) in paragraph at lines 395--395

 []

[74

 <./clusters_1_3.png>]
File: clusters_1_3.png Graphic file (type png)
<use clusters_1_3.png>
Package pdftex.def Info: clusters_1_3.png  used on input line 395.
(pdftex.def)             Requested size: 239.60567pt x 89.85207pt.

Overfull \hbox (21.90005pt too wide) in paragraph at lines 395--395
[][]
 []


Underfull \hbox (badness 10000) in paragraph at lines 395--395

 []

[75

]
File: clusters_1_3.png Graphic file (type png)
<use clusters_1_3.png>
Package pdftex.def Info: clusters_1_3.png  used on input line 395.
(pdftex.def)             Requested size: 239.60567pt x 89.85207pt.

Overfull \hbox (21.90005pt too wide) in paragraph at lines 395--395
[][]
 []


Underfull \hbox (badness 10000) in paragraph at lines 395--395

 []

[76

]
File: clusters_1_3.png Graphic file (type png)
<use clusters_1_3.png>
Package pdftex.def Info: clusters_1_3.png  used on input line 409.
(pdftex.def)             Requested size: 188.26346pt x 70.59804pt.

Overfull \hbox (21.90005pt too wide) in paragraph at lines 409--409
[][]
 []


Underfull \hbox (badness 10000) in paragraph at lines 409--409

 []


Overfull \vbox (3.97102pt too high) detected at line 409
 []

[77

]
File: clusters_1_3.png Graphic file (type png)
<use clusters_1_3.png>
Package pdftex.def Info: clusters_1_3.png  used on input line 409.
(pdftex.def)             Requested size: 188.26346pt x 70.59804pt.

Overfull \hbox (21.90005pt too wide) in paragraph at lines 409--409
[][]
 []


Underfull \hbox (badness 10000) in paragraph at lines 409--409

 []


Overfull \vbox (3.97102pt too high) detected at line 409
 []

[78

]
File: clusters_1_3.png Graphic file (type png)
<use clusters_1_3.png>
Package pdftex.def Info: clusters_1_3.png  used on input line 409.
(pdftex.def)             Requested size: 188.26346pt x 70.59804pt.

Overfull \hbox (21.90005pt too wide) in paragraph at lines 409--409
[][]
 []


Underfull \hbox (badness 10000) in paragraph at lines 409--409

 []


Overfull \vbox (3.97102pt too high) detected at line 409
 []

[79

]
<all_distances2_1.png, id=2211, 642.4pt x 481.8pt>
File: all_distances2_1.png Graphic file (type png)
<use all_distances2_1.png>
Package pdftex.def Info: all_distances2_1.png  used on input line 423.
(pdftex.def)             Requested size: 239.60567pt x 179.70413pt.

Overfull \hbox (21.90005pt too wide) in paragraph at lines 423--423
[][]
 []


Underfull \hbox (badness 10000) in paragraph at lines 423--423

 []


Overfull \vbox (17.76881pt too high) detected at line 423
 []

[80

 <./all_distances2_1.png>]
<stats_clusters1.png, id=2239, 2007.5pt x 1525.7pt>
File: stats_clusters1.png Graphic file (type png)
<use stats_clusters1.png>
Package pdftex.def Info: stats_clusters1.png  used on input line 433.
(pdftex.def)             Requested size: 273.83728pt x 208.1024pt.

Overfull \vbox (13.33847pt too high) detected at line 433
 []

[81

 <./stats_clusters1.png>]
<clusters_4.png, id=2267, 642.4pt x 481.8pt>
File: clusters_4.png Graphic file (type png)
<use clusters_4.png>
Package pdftex.def Info: clusters_4.png  used on input line 465.
(pdftex.def)             Requested size: 188.26346pt x 141.19609pt.

Overfull \hbox (21.90005pt too wide) in paragraph at lines 465--465
[][]
 []


Underfull \hbox (badness 10000) in paragraph at lines 465--465

 []


Overfull \vbox (11.65381pt too high) detected at line 465
 []

[82

 <./clusters_4.png>]
File: clusters_4.png Graphic file (type png)
<use clusters_4.png>
Package pdftex.def Info: clusters_4.png  used on input line 465.
(pdftex.def)             Requested size: 188.26346pt x 141.19609pt.

Overfull \hbox (21.90005pt too wide) in paragraph at lines 465--465
[][]
 []


Underfull \hbox (badness 10000) in paragraph at lines 465--465

 []


Overfull \vbox (11.65381pt too high) detected at line 465
 []

[83

]
File: clusters_4.png Graphic file (type png)
<use clusters_4.png>
Package pdftex.def Info: clusters_4.png  used on input line 465.
(pdftex.def)             Requested size: 188.26346pt x 141.19609pt.

Overfull \hbox (21.90005pt too wide) in paragraph at lines 465--465
[][]
 []


Underfull \hbox (badness 10000) in paragraph at lines 465--465

 []


Overfull \vbox (11.65381pt too high) detected at line 465
 []

[84

]
File: clusters_4.png Graphic file (type png)
<use clusters_4.png>
Package pdftex.def Info: clusters_4.png  used on input line 465.
(pdftex.def)             Requested size: 188.26346pt x 141.19609pt.

Overfull \hbox (21.90005pt too wide) in paragraph at lines 465--465
[][]
 []


Underfull \hbox (badness 10000) in paragraph at lines 465--465

 []


Overfull \vbox (11.65381pt too high) detected at line 465
 []

[85

]
File: clusters_4.png Graphic file (type png)
<use clusters_4.png>
Package pdftex.def Info: clusters_4.png  used on input line 465.
(pdftex.def)             Requested size: 188.26346pt x 141.19609pt.

Overfull \hbox (21.90005pt too wide) in paragraph at lines 465--465
[][]
 []


Underfull \hbox (badness 10000) in paragraph at lines 465--465

 []


Overfull \vbox (11.65381pt too high) detected at line 465
 []

[86

]
<all_distances4.png, id=2401, 642.4pt x 481.8pt>
File: all_distances4.png Graphic file (type png)
<use all_distances4.png>
Package pdftex.def Info: all_distances4.png  used on input line 478.
(pdftex.def)             Requested size: 205.37926pt x 154.0321pt.

Overfull \hbox (21.90005pt too wide) in paragraph at lines 478--478
[][]
 []


Underfull \hbox (badness 10000) in paragraph at lines 478--478

 []

[87

 <./all_distances4.png>]
<stats_clusters4.png, id=2430, 2690.05pt x 1525.7pt>
File: stats_clusters4.png Graphic file (type png)
<use stats_clusters4.png>
Package pdftex.def Info: stats_clusters4.png  used on input line 488.
(pdftex.def)             Requested size: 342.2953pt x 194.13423pt.
 [88

 <./stats_clusters4.png>] [89

] [90

] [91

]
[92

]
<type_num_clusters4.png, id=2564, 3199.955pt x 1542.76375pt>
File: type_num_clusters4.png Graphic file (type png)
<use type_num_clusters4.png>
Package pdftex.def Info: type_num_clusters4.png  used on input line 509.
(pdftex.def)             Requested size: 342.2953pt x 165.01994pt.
 [93

 <./type_num_clusters4.png>]
<type_p_clusters4.png, id=2592, 3199.955pt x 1525.7pt>
File: type_p_clusters4.png Graphic file (type png)
<use type_p_clusters4.png>
Package pdftex.def Info: type_p_clusters4.png  used on input line 519.
(pdftex.def)             Requested size: 342.2953pt x 163.19473pt.
 [94

 <./type_p_clusters4.png>]
<clusters_5.png, id=2620, 642.4pt x 481.8pt>
File: clusters_5.png Graphic file (type png)
<use clusters_5.png>
Package pdftex.def Info: clusters_5.png  used on input line 546.
(pdftex.def)             Requested size: 188.26346pt x 141.19609pt.

Overfull \hbox (43.80011pt too wide) in paragraph at lines 546--546
[][]
 []


Underfull \hbox (badness 10000) in paragraph at lines 546--546

 []


Overfull \vbox (21.43213pt too high) detected at line 546
 []

[95

 <./clusters_5.png>]
File: clusters_5.png Graphic file (type png)
<use clusters_5.png>
Package pdftex.def Info: clusters_5.png  used on input line 546.
(pdftex.def)             Requested size: 188.26346pt x 141.19609pt.

Overfull \hbox (43.80011pt too wide) in paragraph at lines 546--546
[][]
 []


Underfull \hbox (badness 10000) in paragraph at lines 546--546

 []


Overfull \vbox (21.43213pt too high) detected at line 546
 []

[96

]
File: clusters_5.png Graphic file (type png)
<use clusters_5.png>
Package pdftex.def Info: clusters_5.png  used on input line 546.
(pdftex.def)             Requested size: 188.26346pt x 141.19609pt.

Overfull \hbox (43.80011pt too wide) in paragraph at lines 546--546
[][]
 []


Underfull \hbox (badness 10000) in paragraph at lines 546--546

 []


Overfull \vbox (21.43213pt too high) detected at line 546
 []

[97

]
File: clusters_5.png Graphic file (type png)
<use clusters_5.png>
Package pdftex.def Info: clusters_5.png  used on input line 546.
(pdftex.def)             Requested size: 188.26346pt x 141.19609pt.

Overfull \hbox (43.80011pt too wide) in paragraph at lines 546--546
[][]
 []


Underfull \hbox (badness 10000) in paragraph at lines 546--546

 []


Overfull \vbox (21.43213pt too high) detected at line 546
 []

[98

]
File: clusters_5.png Graphic file (type png)
<use clusters_5.png>
Package pdftex.def Info: clusters_5.png  used on input line 546.
(pdftex.def)             Requested size: 188.26346pt x 141.19609pt.

Overfull \hbox (43.80011pt too wide) in paragraph at lines 546--546
[][]
 []


Underfull \hbox (badness 10000) in paragraph at lines 546--546

 []


Overfull \vbox (21.43213pt too high) detected at line 546
 []

[99

]
File: clusters_5.png Graphic file (type png)
<use clusters_5.png>
Package pdftex.def Info: clusters_5.png  used on input line 546.
(pdftex.def)             Requested size: 188.26346pt x 141.19609pt.

Overfull \hbox (43.80011pt too wide) in paragraph at lines 546--546
[][]
 []


Underfull \hbox (badness 10000) in paragraph at lines 546--546

 []


Overfull \vbox (21.43213pt too high) detected at line 546
 []

[100

]
<all_distances5.png, id=2781, 642.4pt x 481.8pt>
File: all_distances5.png Graphic file (type png)
<use all_distances5.png>
Package pdftex.def Info: all_distances5.png  used on input line 559.
(pdftex.def)             Requested size: 188.26346pt x 141.19609pt.

Overfull \hbox (21.90005pt too wide) in paragraph at lines 559--559
[][]
 []


Underfull \hbox (badness 10000) in paragraph at lines 559--559

 []

[101

 <./all_distances5.png>]
<stats_clusters5.png, id=2809, 3372.6pt x 2047.65pt>
File: stats_clusters5.png Graphic file (type png)
<use stats_clusters5.png>
Package pdftex.def Info: stats_clusters5.png  used on input line 569.
(pdftex.def)             Requested size: 342.2953pt x 207.80772pt.

Overfull \vbox (13.0438pt too high) detected at line 569
 []

[102

 <./stats_clusters5.png>] [103

] [104

]
<type_num_clusters5.png, id=2891, 3969.83125pt x 2047.65pt>
File: type_num_clusters5.png Graphic file (type png)
<use type_num_clusters5.png>
Package pdftex.def Info: type_num_clusters5.png  used on input line 588.
(pdftex.def)             Requested size: 342.2953pt x 176.53189pt.
 [105

 <./type_num_clusters5.png>]
<type_p_clusters5.png, id=2919, 3969.83125pt x 2047.65pt>
File: type_p_clusters5.png Graphic file (type png)
<use type_p_clusters5.png>
Package pdftex.def Info: type_p_clusters5.png  used on input line 598.
(pdftex.def)             Requested size: 342.2953pt x 176.53189pt.

[106

 <./type_p_clusters5.png>]
<clusters_4_5.png, id=2947, 1284.8pt x 481.8pt>
File: clusters_4_5.png Graphic file (type png)
<use clusters_4_5.png>
Package pdftex.def Info: clusters_4_5.png  used on input line 617.
(pdftex.def)             Requested size: 205.37926pt x 77.01605pt.

Overfull \hbox (21.90005pt too wide) in paragraph at lines 617--617
[][]
 []


Underfull \hbox (badness 10000) in paragraph at lines 617--617

 []

[107

 <./clusters_4_5.png>]
File: clusters_4_5.png Graphic file (type png)
<use clusters_4_5.png>
Package pdftex.def Info: clusters_4_5.png  used on input line 617.
(pdftex.def)             Requested size: 205.37926pt x 77.01605pt.

Overfull \hbox (21.90005pt too wide) in paragraph at lines 617--617
[][]
 []


Underfull \hbox (badness 10000) in paragraph at lines 617--617

 []

[108

]
File: clusters_4_5.png Graphic file (type png)
<use clusters_4_5.png>
Package pdftex.def Info: clusters_4_5.png  used on input line 617.
(pdftex.def)             Requested size: 205.37926pt x 77.01605pt.

Overfull \hbox (21.90005pt too wide) in paragraph at lines 617--617
[][]
 []


Underfull \hbox (badness 10000) in paragraph at lines 617--617

 []

[109

]
File: clusters_4_5.png Graphic file (type png)
<use clusters_4_5.png>
Package pdftex.def Info: clusters_4_5.png  used on input line 630.
(pdftex.def)             Requested size: 205.37926pt x 77.01605pt.

Overfull \hbox (21.90005pt too wide) in paragraph at lines 630--630
[][]
 []


Underfull \hbox (badness 10000) in paragraph at lines 630--630

 []

[110

]
File: clusters_4_5.png Graphic file (type png)
<use clusters_4_5.png>
Package pdftex.def Info: clusters_4_5.png  used on input line 630.
(pdftex.def)             Requested size: 205.37926pt x 77.01605pt.

Overfull \hbox (21.90005pt too wide) in paragraph at lines 630--630
[][]
 []


Underfull \hbox (badness 10000) in paragraph at lines 630--630

 []

[111

]
<stats_clusters6.png, id=3082, 2007.5pt x 1525.7pt>
File: stats_clusters6.png Graphic file (type png)
<use stats_clusters6.png>
Package pdftex.def Info: stats_clusters6.png  used on input line 640.
(pdftex.def)             Requested size: 273.83728pt x 208.1024pt.

Overfull \vbox (13.33847pt too high) detected at line 640
 []

[112

 <./stats_clusters6.png>]
<type_num_clusters6.png, id=3110, 2517.405pt x 1525.7pt>
File: type_num_clusters6.png Graphic file (type png)
<use type_num_clusters6.png>
Package pdftex.def Info: type_num_clusters6.png  used on input line 651.
(pdftex.def)             Requested size: 273.83728pt x 165.94182pt.
 [113

 <./type_num_clusters6.png>]
<type_p_clusters6.png, id=3137, 2517.405pt x 1525.7pt>
File: type_p_clusters6.png Graphic file (type png)
<use type_p_clusters6.png>
Package pdftex.def Info: type_p_clusters6.png  used on input line 661.
(pdftex.def)             Requested size: 273.83728pt x 165.94182pt.
 [114

 <./type_p_clusters6.png>]
<all_clusters.png, id=3164, 1951.29pt x 984.67876pt>
File: all_clusters.png Graphic file (type png)
<use all_clusters.png>
Package pdftex.def Info: all_clusters.png  used on input line 678.
(pdftex.def)             Requested size: 273.83728pt x 138.18463pt.

! Misplaced alignment tab character &.
<argument> ...ent clusterings - Manhattan ($100$ &
                                                   $200$ - different thresho...
l.678 \end{frame}
                 
? 
! Misplaced alignment tab character &.
<argument> ...rent threshold), Euclidean ($200$) &
                                                   Hamming with parameter $0...
l.678 \end{frame}
                 
? 
! Misplaced alignment tab character &.
<argument> ...ent clusterings - Manhattan ($100$ &
                                                   $200$ - different thresho...
l.678 \end{frame}
                 
? 
! Misplaced alignment tab character &.
<argument> ...rent threshold), Euclidean ($200$) &
                                                   Hamming with parameter $0...
l.678 \end{frame}
                 
? 
[115

 <./all_clusters.png>] [116

] [117

] [118

] [119

] [120

] [121

] [122

] [123

]
[124

] [125

] [126

] [127

]
\tf@nav=\write7
\openout7 = `main.nav'.

\tf@toc=\write8
\openout8 = `main.toc'.

\tf@snm=\write9
\openout9 = `main.snm'.

 (./main.aux)

LaTeX Warning: There were undefined references.

Package rerunfilecheck Info: File `main.out' has not changed.
(rerunfilecheck)             Checksum: 1FC50164A52D317BA9AEF3D4BD744CD6;815.

Package biblatex Warning: Please (re)run Biber on the file:
(biblatex)                main
(biblatex)                and rerun LaTeX afterwards.

Package logreq Info: Writing requests to 'main.run.xml'.
\openout1 = `main.run.xml'.

 ) 
Here is how much of TeX's memory you used:
 35152 strings out of 476025
 705397 string characters out of 5790017
 1863388 words of memory out of 5000000
 54700 multiletter control sequences out of 15000+600000
 530651 words of font info for 80 fonts, out of 8000000 for 9000
 1141 hyphenation exceptions out of 8191
 128i,15n,122p,677b,857s stack positions out of 10000i,1000n,20000p,200000b,200000s
</usr/local/texlive/2023/texmf-dist/fonts/type1/public/amsfonts/cm/cmex10.pfb
></usr/local/texlive/2023/texmf-dist/fonts/type1/public/amsfonts/cm/cmmi10.pfb>
</usr/local/texlive/2023/texmf-dist/fonts/type1/public/amsfonts/cm/cmss10.pfb><
/usr/local/texlive/2023/texmf-dist/fonts/type1/public/amsfonts/cm/cmssi10.pfb><
/usr/local/texlive/2023/texmf-dist/fonts/type1/public/amsfonts/cm/cmssi8.pfb></
usr/local/texlive/2023/texmf-dist/fonts/type1/public/amsfonts/cm/cmsy10.pfb></u
sr/local/texlive/2023/texmf-dist/fonts/type1/public/amsfonts/cm/cmsy8.pfb></usr
/local/texlive/2023/texmf-dist/fonts/type1/public/cm-super/sfsi1000.pfb></usr/l
ocal/texlive/2023/texmf-dist/fonts/type1/public/cm-super/sfsi1095.pfb></usr/loc
al/texlive/2023/texmf-dist/fonts/type1/public/cm-super/sfss0600.pfb></usr/local
/texlive/2023/texmf-dist/fonts/type1/public/cm-super/sfss0800.pfb></usr/local/t
exlive/2023/texmf-dist/fonts/type1/public/cm-super/sfss1000.pfb></usr/local/tex
live/2023/texmf-dist/fonts/type1/public/cm-super/sfss1095.pfb></usr/local/texli
ve/2023/texmf-dist/fonts/type1/public/cm-super/sfss1440.pfb></usr/local/texlive
/2023/texmf-dist/fonts/type1/public/cm-super/sftt1000.pfb></usr/local/texlive/2
023/texmf-dist/fonts/type1/public/cm-super/sftt1095.pfb>
Output written on main.pdf (127 pages, 8175322 bytes).
PDF statistics:
 3637 PDF objects out of 4296 (max. 8388607)
 3364 compressed objects within 34 object streams
 263 named destinations out of 1000 (max. 500000)
 316 words of extra memory for PDF output out of 10000 (max. 10000000)

